Script started on 2026-03-08 09:38:15+00:00 [TERM="xterm" TTY="/dev/pts/3" COLUMNS="80" LINES="24"]
make[1]: Entering directory '/data/tools/pave/innexis_home/vsi_2025.2/examples/vsiTutorials/invPendDemo/src/timeSyncDemo'
././FabricServer\
	--domain=AF_UNIX --cmdFile=

        SystemC 2.3.4-Accellera --- Feb 12 2024 19:17:52
        Copyright (c) 1996-2022 by all Contributors,
        ALL RIGHTS RESERVED
=+= VSI-DB-INFO: Ending Parser
=+= VSI-SIMCTRL-INFO: Setting step size = 1000000
+=+ XLVIP-INFO: XlSyscTlmResetServer::connect() conduitName=:resetServerConduit0 index=0 calling uvmc_connect<>() ...
Connecting an SC-side proxy port for 'fabricServer.resetServer.simple_target_socket_0' with lookup string ':resetServerConduit0' for later connection with SV

Warning: (W505) object already exists: fabricServer.uvmc_registry.:resetServerConduit0. Latter declaration will be renamed to fabricServer.uvmc_registry.:resetServerConduit0_0
In file: ../../../src/sysc/kernel/sc_object_manager.cpp:153

Warning: (W505) object already exists: fabricServer.uvmc_registry.:resetServerConduit0. Latter declaration will be renamed to fabricServer.uvmc_registry.:resetServerConduit0_1
In file: ../../../src/sysc/kernel/sc_object_manager.cpp:153
XLVIP-INFO: XlSyscTlmResetServer::connect() uvmc_connect<>() returnedProxy=0x166ce890
Connecting an SC-side proxy port for 'fabricServer.timeServer.advanceTargetSocket' with lookup string ':timeServerConduit0' for later connection with SV

Warning: (W505) object already exists: fabricServer.uvmc_registry.:timeServerConduit0. Latter declaration will be renamed to fabricServer.uvmc_registry.:timeServerConduit0_0
In file: ../../../src/sysc/kernel/sc_object_manager.cpp:153

Warning: (W505) object already exists: fabricServer.uvmc_registry.:timeServerConduit0. Latter declaration will be renamed to fabricServer.uvmc_registry.:timeServerConduit0_1
In file: ../../../src/sysc/kernel/sc_object_manager.cpp:153
Connecting an SC-side proxy chan for 'fabricServer.canTlmBus.tlm_base_initiator_socket_0' with lookup string ':rxCanFrameConduit0' for later connection with SV

Warning: (W505) object already exists: fabricServer.:rxCanFrameConduit0. Latter declaration will be renamed to fabricServer.:rxCanFrameConduit0_0
In file: ../../../src/sysc/kernel/sc_object_manager.cpp:153

Warning: (W505) object already exists: fabricServer.:rxCanFrameConduit0. Latter declaration will be renamed to fabricServer.:rxCanFrameConduit0_1
In file: ../../../src/sysc/kernel/sc_object_manager.cpp:153
Connecting an SC-side proxy port for 'fabricServer.canTlmBus.simple_target_socket_tagged_0' with lookup string ':txCanFrameConduit0' for later connection with SV

Warning: (W505) object already exists: fabricServer.uvmc_registry.:txCanFrameConduit0. Latter declaration will be renamed to fabricServer.uvmc_registry.:txCanFrameConduit0_0
In file: ../../../src/sysc/kernel/sc_object_manager.cpp:153

Warning: (W505) object already exists: fabricServer.uvmc_registry.:txCanFrameConduit0. Latter declaration will be renamed to fabricServer.uvmc_registry.:txCanFrameConduit0_1
In file: ../../../src/sysc/kernel/sc_object_manager.cpp:153
Connecting an SC-side proxy chan for 'fabricServer.vsiSimCtrl.txPort0' with lookup string ':rxConfigPort0' for later connection with SV

Warning: (W505) object already exists: fabricServer.:rxConfigPort0. Latter declaration will be renamed to fabricServer.:rxConfigPort0_0
In file: ../../../src/sysc/kernel/sc_object_manager.cpp:153

Warning: (W505) object already exists: fabricServer.:rxConfigPort0. Latter declaration will be renamed to fabricServer.:rxConfigPort0_1
In file: ../../../src/sysc/kernel/sc_object_manager.cpp:153
Connecting an SC-side proxy port for 'fabricServer.vsiSimCtrl.rxPort0' with lookup string ':txConfigPort0' for later connection with SV

Warning: (W505) object already exists: fabricServer.uvmc_registry.:txConfigPort0. Latter declaration will be renamed to fabricServer.uvmc_registry.:txConfigPort0_0
In file: ../../../src/sysc/kernel/sc_object_manager.cpp:153

Warning: (W505) object already exists: fabricServer.uvmc_registry.:txConfigPort0. Latter declaration will be renamed to fabricServer.uvmc_registry.:txConfigPort0_1
In file: ../../../src/sysc/kernel/sc_object_manager.cpp:153
+=+ XLVIP-INFO: XlSyscTlmResetServer::connect() conduitName=:resetServerConduit1 index=1 calling uvmc_connect<>() ...
Connecting an SC-side proxy port for 'fabricServer.resetServer.simple_target_socket_1' with lookup string ':resetServerConduit1' for later connection with SV

Warning: (W505) object already exists: fabricServer.uvmc_registry.:resetServerConduit1. Latter declaration will be renamed to fabricServer.uvmc_registry.:resetServerConduit1_0
In file: ../../../src/sysc/kernel/sc_object_manager.cpp:153

Warning: (W505) object already exists: fabricServer.uvmc_registry.:resetServerConduit1. Latter declaration will be renamed to fabricServer.uvmc_registry.:resetServerConduit1_1
In file: ../../../src/sysc/kernel/sc_object_manager.cpp:153
XLVIP-INFO: XlSyscTlmResetServer::connect() uvmc_connect<>() returnedProxy=0x166e6cc0
Connecting an SC-side proxy port for 'fabricServer.imeServer.advanceTargetSocket' with lookup string ':timeServerConduit1' for later connection with SV

Warning: (W505) object already exists: fabricServer.uvmc_registry.:timeServerConduit1. Latter declaration will be renamed to fabricServer.uvmc_registry.:timeServerConduit1_0
In file: ../../../src/sysc/kernel/sc_object_manager.cpp:153

Warning: (W505) object already exists: fabricServer.uvmc_registry.:timeServerConduit1. Latter declaration will be renamed to fabricServer.uvmc_registry.:timeServerConduit1_1
In file: ../../../src/sysc/kernel/sc_object_manager.cpp:153
Connecting an SC-side proxy chan for 'fabricServer.canTlmBus.tlm_base_initiator_socket_1' with lookup string ':rxCanFrameConduit1' for later connection with SV

Warning: (W505) object already exists: fabricServer.:rxCanFrameConduit1. Latter declaration will be renamed to fabricServer.:rxCanFrameConduit1_0
In file: ../../../src/sysc/kernel/sc_object_manager.cpp:153

Warning: (W505) object already exists: fabricServer.:rxCanFrameConduit1. Latter declaration will be renamed to fabricServer.:rxCanFrameConduit1_1
In file: ../../../src/sysc/kernel/sc_object_manager.cpp:153
Connecting an SC-side proxy port for 'fabricServer.canTlmBus.simple_target_socket_tagged_1' with lookup string ':txCanFrameConduit1' for later connection with SV

Warning: (W505) object already exists: fabricServer.uvmc_registry.:txCanFrameConduit1. Latter declaration will be renamed to fabricServer.uvmc_registry.:txCanFrameConduit1_0
In file: ../../../src/sysc/kernel/sc_object_manager.cpp:153

Warning: (W505) object already exists: fabricServer.uvmc_registry.:txCanFrameConduit1. Latter declaration will be renamed to fabricServer.uvmc_registry.:txCanFrameConduit1_1
In file: ../../../src/sysc/kernel/sc_object_manager.cpp:153
Connecting an SC-side proxy chan for 'fabricServer.vsiSimCtrl.txPort1' with lookup string ':rxConfigPort1' for later connection with SV

Warning: (W505) object already exists: fabricServer.:rxConfigPort1. Latter declaration will be renamed to fabricServer.:rxConfigPort1_0
In file: ../../../src/sysc/kernel/sc_object_manager.cpp:153

Warning: (W505) object already exists: fabricServer.:rxConfigPort1. Latter declaration will be renamed to fabricServer.:rxConfigPort1_1
In file: ../../../src/sysc/kernel/sc_object_manager.cpp:153
Connecting an SC-side proxy port for 'fabricServer.vsiSimCtrl.rxPort1' with lookup string ':txConfigPort1' for later connection with SV

Warning: (W505) object already exists: fabricServer.uvmc_registry.:txConfigPort1. Latter declaration will be renamed to fabricServer.uvmc_registry.:txConfigPort1_0
In file: ../../../src/sysc/kernel/sc_object_manager.cpp:153

Warning: (W505) object already exists: fabricServer.uvmc_registry.:txConfigPort1. Latter declaration will be renamed to fabricServer.uvmc_registry.:txConfigPort1_1
In file: ../../../src/sysc/kernel/sc_object_manager.cpp:153
+=+ XLVIP-INFO: XlSyscTlmResetServer::connect() conduitName=:resetServerConduit2 index=2 calling uvmc_connect<>() ...
Connecting an SC-side proxy port for 'fabricServer.resetServer.simple_target_socket_2' with lookup string ':resetServerConduit2' for later connection with SV

Warning: (W505) object already exists: fabricServer.uvmc_registry.:resetServerConduit2. Latter declaration will be renamed to fabricServer.uvmc_registry.:resetServerConduit2_0
In file: ../../../src/sysc/kernel/sc_object_manager.cpp:153

Warning: (W505) object already exists: fabricServer.uvmc_registry.:resetServerConduit2. Latter declaration will be renamed to fabricServer.uvmc_registry.:resetServerConduit2_1
In file: ../../../src/sysc/kernel/sc_object_manager.cpp:153
XLVIP-INFO: XlSyscTlmResetServer::connect() uvmc_connect<>() returnedProxy=0x166fcea0
Connecting an SC-side proxy port for 'fabricServer.meServer.advanceTargetSocket' with lookup string ':timeServerConduit2' for later connection with SV

Warning: (W505) object already exists: fabricServer.uvmc_registry.:timeServerConduit2. Latter declaration will be renamed to fabricServer.uvmc_registry.:timeServerConduit2_0
In file: ../../../src/sysc/kernel/sc_object_manager.cpp:153

Warning: (W505) object already exists: fabricServer.uvmc_registry.:timeServerConduit2. Latter declaration will be renamed to fabricServer.uvmc_registry.:timeServerConduit2_1
In file: ../../../src/sysc/kernel/sc_object_manager.cpp:153
Connecting an SC-side proxy chan for 'fabricServer.canTlmBus.tlm_base_initiator_socket_2' with lookup string ':rxCanFrameConduit2' for later connection with SV

Warning: (W505) object already exists: fabricServer.:rxCanFrameConduit2. Latter declaration will be renamed to fabricServer.:rxCanFrameConduit2_0
In file: ../../../src/sysc/kernel/sc_object_manager.cpp:153

Warning: (W505) object already exists: fabricServer.:rxCanFrameConduit2. Latter declaration will be renamed to fabricServer.:rxCanFrameConduit2_1
In file: ../../../src/sysc/kernel/sc_object_manager.cpp:153
Connecting an SC-side proxy port for 'fabricServer.canTlmBus.simple_target_socket_tagged_2' with lookup string ':txCanFrameConduit2' for later connection with SV

Warning: (W505) object already exists: fabricServer.uvmc_registry.:txCanFrameConduit2. Latter declaration will be renamed to fabricServer.uvmc_registry.:txCanFrameConduit2_0
In file: ../../../src/sysc/kernel/sc_object_manager.cpp:153

Warning: (W505) object already exists: fabricServer.uvmc_registry.:txCanFrameConduit2. Latter declaration will be renamed to fabricServer.uvmc_registry.:txCanFrameConduit2_1
In file: ../../../src/sysc/kernel/sc_object_manager.cpp:153
Connecting an SC-side proxy chan for 'fabricServer.vsiSimCtrl.txPort2' with lookup string ':rxConfigPort2' for later connection with SV

Warning: (W505) object already exists: fabricServer.:rxConfigPort2. Latter declaration will be renamed to fabricServer.:rxConfigPort2_0
In file: ../../../src/sysc/kernel/sc_object_manager.cpp:153

Warning: (W505) object already exists: fabricServer.:rxConfigPort2. Latter declaration will be renamed to fabricServer.:rxConfigPort2_1
In file: ../../../src/sysc/kernel/sc_object_manager.cpp:153
Connecting an SC-side proxy port for 'fabricServer.vsiSimCtrl.rxPort2' with lookup string ':txConfigPort2' for later connection with SV

Warning: (W505) object already exists: fabricServer.uvmc_registry.:txConfigPort2. Latter declaration will be renamed to fabricServer.uvmc_registry.:txConfigPort2_0
In file: ../../../src/sysc/kernel/sc_object_manager.cpp:153

Warning: (W505) object already exists: fabricServer.uvmc_registry.:txConfigPort2. Latter declaration will be renamed to fabricServer.uvmc_registry.:txConfigPort2_1
In file: ../../../src/sysc/kernel/sc_object_manager.cpp:153
+=+ XLVIP-INFO: XlTlmMessageLayer::connectToClient():
+=+    Listening for client ':remoteSession0' domain=AF_UNIX portNum=50101 ...
+=+ XLVIP-INFO: XlTlmMessageLayer::connectToClient():
+=+    Listening for client ':remoteSession1' domain=AF_UNIX portNum=50102 ...
+=+ XLVIP-INFO: XlTlmMessageLayer::connectToClient():
+=+    Listening for client ':remoteSession2' domain=AF_UNIX portNum=50103 ...
+=+ XLVIP-INFO: XlTlmMessageLayer::listenForAllClients() Server 'localhost' listening for clients ...
+=+ INFO: FabricServer::start_of_simulation() Waiting for client connections ...
@0 ns (SC time) +=+ INFO: Awaiting reset ...
+=+ XLVIP-INFO: XlTlmMessageLayer::collectClientConnections():
+=+    Successfully connected to client ':remoteSession0@0.0.0.0'
+=+    Negotiated socket connection configuration
+=+        Use socket manager thread=FALSE
+=+        Use TCP_NODELAY=TRUE
+=+        Use UDP=FALSE
+=+ XLVIP-INFO: XlTlmMessageLayer::collectClientConnections():
+=+    Successfully connected to client ':remoteSession1@0.0.0.0'
+=+    Negotiated socket connection configuration
+=+        Use socket manager thread=FALSE
+=+        Use TCP_NODELAY=TRUE
+=+        Use UDP=FALSE
+=+ XLVIP-INFO: XlTlmMessageLayer::collectClientConnections():
+=+    Successfully connected to client ':remoteSession2@0.0.0.0'
+=+    Negotiated socket connection configuration
+=+        Use socket manager thread=FALSE
+=+        Use TCP_NODELAY=TRUE
+=+        Use UDP=FALSE
+=+ XLVIP-INFO: FabricServer: Using SALT library path: /data/tools/pave/innexis_home/vsi_2025.2//common/license/salt_2.4.2/salt_sdk/lnx64/bin
+=+ XLVIP-INFO: FabricServer: Package info file is: /data/tools/pave/innexis_home/vsi_2025.2//common/license/salt_2.4.2/salt_sdk/lnx64/bin/mgc.pkginfo
+=+ XLVIP-INFO: FabricServer: Attempting to checkout license 'VeloceStratoOS' : Checked out license.

Info: XLVIP-INFO: TLM fabric backplane license checkout successful.
+=+ XLVIP-INFO: XlRemoteTlmConduit::ipcServiceLoop():
+=+    Received remote client ::connect() request:
           clientUrl=0.0.0.0
+=+        conduitId=:timeServerConduit0
           remoteClientConduitHandle=0x142ed3b8
           localServerProxyConduit=0x166d5210
+=+ XLVIP-INFO: XlRemoteTlmConduit::ipcServiceLoop():
+=+    Received remote client ::connect() request:
           clientUrl=0.0.0.0
+=+        conduitId=:resetServerConduit0
           remoteClientConduitHandle=0x142ed548
           localServerProxyConduit=0x166d13d0
+=+ XLVIP-INFO: XlRemoteTlmConduit::ipcServiceLoop():
+=+    Received remote client ::connect() request:
           clientUrl=0.0.0.0
+=+        conduitId=:txCanFrameConduit0
           remoteClientConduitHandle=0x142edd00
           localServerProxyConduit=0x166d9ca0
+=+ XLVIP-INFO: XlRemoteTlmConduit::ipcServiceLoop():
+=+    Received remote client ::connect() request:
           clientUrl=0.0.0.0
+=+        conduitId=:rxCanFrameConduit0
           remoteClientConduitHandle=0x142edf80
           localServerProxyConduit=0x166d8a00
+=+ XLVIP-INFO: XlRemoteTlmConduit::ipcServiceLoop():
+=+    Received remote client ::connect() request:
           clientUrl=0.0.0.0
+=+        conduitId=:txConfigPort0
           remoteClientConduitHandle=0x1430b840
           localServerProxyConduit=0x166e4be0
+=+ XLVIP-INFO: XlRemoteTlmConduit::ipcServiceLoop():
+=+    Received remote client ::connect() request:
           clientUrl=0.0.0.0
+=+        conduitId=:rxConfigPort0
           remoteClientConduitHandle=0x1430b900
           localServerProxyConduit=0x166e07f0
+=+ XLVIP-INFO: XlRemoteTlmConduit::ipcServiceLoop():
+=+    Received remote client ::connect() request:
           clientUrl=0.0.0.0
+=+        conduitId=:timeServerConduit1
           remoteClientConduitHandle=0x28783b8
           localServerProxyConduit=0x166ec890
+=+ XLVIP-INFO: XlRemoteTlmConduit::ipcServiceLoop():
+=+    Received remote client ::connect() request:
           clientUrl=0.0.0.0
+=+        conduitId=:resetServerConduit1
           remoteClientConduitHandle=0x2878548
           localServerProxyConduit=0x166e8aa0
+=+ XLVIP-INFO: XlRemoteTlmConduit::ipcServiceLoop():
+=+    Received remote client ::connect() request:
           clientUrl=0.0.0.0
+=+        conduitId=:txCanFrameConduit1
           remoteClientConduitHandle=0x2878cf0
           localServerProxyConduit=0x166f10b0
+=+ XLVIP-INFO: XlRemoteTlmConduit::ipcServiceLoop():
+=+    Received remote client ::connect() request:
           clientUrl=0.0.0.0
+=+        conduitId=:rxCanFrameConduit1
           remoteClientConduitHandle=0x2878f70
           localServerProxyConduit=0x166eff40
+=+ XLVIP-INFO: XlRemoteTlmConduit::ipcServiceLoop():
+=+    Received remote client ::connect() request:
           clientUrl=0.0.0.0
+=+        conduitId=:txConfigPort1
           remoteClientConduitHandle=0x2896b20
           localServerProxyConduit=0x166fb210
+=+ XLVIP-INFO: XlRemoteTlmConduit::ipcServiceLoop():
+=+    Received remote client ::connect() request:
           clientUrl=0.0.0.0
+=+        conduitId=:rxConfigPort1
           remoteClientConduitHandle=0x2894ce0
           localServerProxyConduit=0x166f7610
+=+ XLVIP-INFO: XlRemoteTlmConduit::ipcServiceLoop():
+=+    Received remote client ::connect() request:
           clientUrl=0.0.0.0
+=+        conduitId=:timeServerConduit2
           remoteClientConduitHandle=0x5c6468fbd0d8
           localServerProxyConduit=0x16702650
+=+ XLVIP-INFO: XlRemoteTlmConduit::ipcServiceLoop():
+=+    Received remote client ::connect() request:
           clientUrl=0.0.0.0
+=+        conduitId=:resetServerConduit2
           remoteClientConduitHandle=0x5c6469209058
           localServerProxyConduit=0x166fec80
+=+ XLVIP-INFO: XlRemoteTlmConduit::ipcServiceLoop():
+=+    Received remote client ::connect() request:
           clientUrl=0.0.0.0
+=+        conduitId=:txConfigPort2
           remoteClientConduitHandle=0x5c64691fc8b0
           localServerProxyConduit=0x167113a0
+=+ XLVIP-INFO: XlRemoteTlmConduit::ipcServiceLoop():
+=+    Received remote client ::connect() request:
           clientUrl=0.0.0.0
+=+        conduitId=:rxConfigPort2
           remoteClientConduitHandle=0x5c6468d5b340
           localServerProxyConduit=0x1670d7a0
+=+ XLVIP-INFO: XlRemoteTlmConduit::ipcServiceLoop():
+=+    Received remote client ::connect() request:
           clientUrl=0.0.0.0
+=+        conduitId=:txCanFrameConduit2
           remoteClientConduitHandle=0x5c64692092c0
           localServerProxyConduit=0x16707690
+=+ XLVIP-INFO: XlRemoteTlmConduit::ipcServiceLoop():
+=+    Received remote client ::connect() request:
           clientUrl=0.0.0.0
+=+        conduitId=:rxCanFrameConduit2
           remoteClientConduitHandle=0x5c64684cfab0
           localServerProxyConduit=0x16706520
+=+ XLVIP-INFO: XlTlmMessageLayer::collectClientConnections(): Got all clients !
@100 ns (SC time)+=+ INFO: ... got it!
[0;34m
//  Copyright Siemens 2022
//  Innexis VSI Digital Twin Simulator
//  This software and related documentation are proprietary
//  and confidential to Siemens.
//  release: v2025.2, Build: 04Jun2025

[0;34m
VSISim> run

Info: CAN-INFO: XlTlmCanBusAt (fabricServer.canTlmBus): Arbitration resolution required: id=10(xa) chosen over id=11(xb) @101 ns


Info: CAN-INFO: XlTlmCanBusAt (fabricServer.canTlmBus): Arbitration resolution required: id=10(xa) chosen over id=11(xb) @10000101 ns


Info: CAN-INFO: XlTlmCanBusAt (fabricServer.canTlmBus): Arbitration resolution required: id=10(xa) chosen over id=11(xb) @20000101 ns


Info: CAN-INFO: XlTlmCanBusAt (fabricServer.canTlmBus): Arbitration resolution required: id=10(xa) chosen over id=11(xb) @30000101 ns


Info: CAN-INFO: XlTlmCanBusAt (fabricServer.canTlmBus): Arbitration resolution required: id=10(xa) chosen over id=11(xb) @40000101 ns


Info: CAN-INFO: XlTlmCanBusAt (fabricServer.canTlmBus): Arbitration resolution required: id=10(xa) chosen over id=11(xb) @50000101 ns


Info: CAN-INFO: XlTlmCanBusAt (fabricServer.canTlmBus): Arbitration resolution required: id=10(xa) chosen over id=11(xb) @60000101 ns


Info: CAN-INFO: XlTlmCanBusAt (fabricServer.canTlmBus): Arbitration resolution required: id=10(xa) chosen over id=11(xb) @70000101 ns


Info: CAN-INFO: XlTlmCanBusAt (fabricServer.canTlmBus): Arbitration resolution required: id=10(xa) chosen over id=11(xb) @80000101 ns


Info: CAN-INFO: XlTlmCanBusAt (fabricServer.canTlmBus): Arbitration resolution required: id=10(xa) chosen over id=11(xb) @90000101 ns


Info: CAN-INFO: XlTlmCanBusAt (fabricServer.canTlmBus): Arbitration resolution required: id=10(xa) chosen over id=11(xb) @100000101 ns


Info: CAN-INFO: XlTlmCanBusAt (fabricServer.canTlmBus): Arbitration resolution required: id=10(xa) chosen over id=11(xb) @110000101 ns


Info: CAN-INFO: XlTlmCanBusAt (fabricServer.canTlmBus): Arbitration resolution required: id=10(xa) chosen over id=11(xb) @120000101 ns


Info: CAN-INFO: XlTlmCanBusAt (fabricServer.canTlmBus): Arbitration resolution required: id=10(xa) chosen over id=11(xb) @130000101 ns


Info: CAN-INFO: XlTlmCanBusAt (fabricServer.canTlmBus): Arbitration resolution required: id=10(xa) chosen over id=11(xb) @140000101 ns


Info: CAN-INFO: XlTlmCanBusAt (fabricServer.canTlmBus): Arbitration resolution required: id=10(xa) chosen over id=11(xb) @150000101 ns


Info: CAN-INFO: XlTlmCanBusAt (fabricServer.canTlmBus): Arbitration resolution required: id=10(xa) chosen over id=11(xb) @160000101 ns


Info: CAN-INFO: XlTlmCanBusAt (fabricServer.canTlmBus): Arbitration resolution required: id=10(xa) chosen over id=11(xb) @170000101 ns


Info: CAN-INFO: XlTlmCanBusAt (fabricServer.canTlmBus): Arbitration resolution required: id=10(xa) chosen over id=11(xb) @180000101 ns


Info: CAN-INFO: XlTlmCanBusAt (fabricServer.canTlmBus): Arbitration resolution required: id=10(xa) chosen over id=11(xb) @190000101 ns


Info: CAN-INFO: XlTlmCanBusAt (fabricServer.canTlmBus): Arbitration resolution required: id=10(xa) chosen over id=11(xb) @200000101 ns


Info: CAN-INFO: XlTlmCanBusAt (fabricServer.canTlmBus): Arbitration resolution required: id=10(xa) chosen over id=11(xb) @210000101 ns


Info: CAN-INFO: XlTlmCanBusAt (fabricServer.canTlmBus): Arbitration resolution required: id=10(xa) chosen over id=11(xb) @220000101 ns


Info: CAN-INFO: XlTlmCanBusAt (fabricServer.canTlmBus): Arbitration resolution required: id=10(xa) chosen over id=11(xb) @230000101 ns


Info: CAN-INFO: XlTlmCanBusAt (fabricServer.canTlmBus): Arbitration resolution required: id=10(xa) chosen over id=11(xb) @240000101 ns


Info: CAN-INFO: XlTlmCanBusAt (fabricServer.canTlmBus): Arbitration resolution required: id=10(xa) chosen over id=11(xb) @250000101 ns


Info: CAN-INFO: XlTlmCanBusAt (fabricServer.canTlmBus): Arbitration resolution required: id=10(xa) chosen over id=11(xb) @260000101 ns


Info: CAN-INFO: XlTlmCanBusAt (fabricServer.canTlmBus): Arbitration resolution required: id=10(xa) chosen over id=11(xb) @270000101 ns


Info: CAN-INFO: XlTlmCanBusAt (fabricServer.canTlmBus): Arbitration resolution required: id=10(xa) chosen over id=11(xb) @280000101 ns


Info: CAN-INFO: XlTlmCanBusAt (fabricServer.canTlmBus): Arbitration resolution required: id=10(xa) chosen over id=11(xb) @290000101 ns


Info: CAN-INFO: XlTlmCanBusAt (fabricServer.canTlmBus): Arbitration resolution required: id=10(xa) chosen over id=11(xb) @300000101 ns


Info: CAN-INFO: XlTlmCanBusAt (fabricServer.canTlmBus): Arbitration resolution required: id=10(xa) chosen over id=11(xb) @310000101 ns


Info: CAN-INFO: XlTlmCanBusAt (fabricServer.canTlmBus): Arbitration resolution required: id=10(xa) chosen over id=11(xb) @320000101 ns


Info: CAN-INFO: XlTlmCanBusAt (fabricServer.canTlmBus): Arbitration resolution required: id=10(xa) chosen over id=11(xb) @330000101 ns


Info: CAN-INFO: XlTlmCanBusAt (fabricServer.canTlmBus): Arbitration resolution required: id=10(xa) chosen over id=11(xb) @340000101 ns


Info: CAN-INFO: XlTlmCanBusAt (fabricServer.canTlmBus): Arbitration resolution required: id=10(xa) chosen over id=11(xb) @350000101 ns


Info: CAN-INFO: XlTlmCanBusAt (fabricServer.canTlmBus): Arbitration resolution required: id=10(xa) chosen over id=11(xb) @360000101 ns


Info: CAN-INFO: XlTlmCanBusAt (fabricServer.canTlmBus): Arbitration resolution required: id=10(xa) chosen over id=11(xb) @370000101 ns


Info: CAN-INFO: XlTlmCanBusAt (fabricServer.canTlmBus): Arbitration resolution required: id=10(xa) chosen over id=11(xb) @380000101 ns


Info: CAN-INFO: XlTlmCanBusAt (fabricServer.canTlmBus): Arbitration resolution required: id=10(xa) chosen over id=11(xb) @390000101 ns


Info: CAN-INFO: XlTlmCanBusAt (fabricServer.canTlmBus): Arbitration resolution required: id=10(xa) chosen over id=11(xb) @400000101 ns


Info: CAN-INFO: XlTlmCanBusAt (fabricServer.canTlmBus): Arbitration resolution required: id=10(xa) chosen over id=11(xb) @410000101 ns


Info: CAN-INFO: XlTlmCanBusAt (fabricServer.canTlmBus): Arbitration resolution required: id=10(xa) chosen over id=11(xb) @420000101 ns


Info: CAN-INFO: XlTlmCanBusAt (fabricServer.canTlmBus): Arbitration resolution required: id=10(xa) chosen over id=11(xb) @430000101 ns


Info: CAN-INFO: XlTlmCanBusAt (fabricServer.canTlmBus): Arbitration resolution required: id=10(xa) chosen over id=11(xb) @440000101 ns


Info: CAN-INFO: XlTlmCanBusAt (fabricServer.canTlmBus): Arbitration resolution required: id=10(xa) chosen over id=11(xb) @450000101 ns


Info: CAN-INFO: XlTlmCanBusAt (fabricServer.canTlmBus): Arbitration resolution required: id=10(xa) chosen over id=11(xb) @460000101 ns


Info: CAN-INFO: XlTlmCanBusAt (fabricServer.canTlmBus): Arbitration resolution required: id=10(xa) chosen over id=11(xb) @470000101 ns


Info: CAN-INFO: XlTlmCanBusAt (fabricServer.canTlmBus): Arbitration resolution required: id=10(xa) chosen over id=11(xb) @480000101 ns


Info: CAN-INFO: XlTlmCanBusAt (fabricServer.canTlmBus): Arbitration resolution required: id=10(xa) chosen over id=11(xb) @490000101 ns


Info: CAN-INFO: XlTlmCanBusAt (fabricServer.canTlmBus): Arbitration resolution required: id=10(xa) chosen over id=11(xb) @500000101 ns


Info: CAN-INFO: XlTlmCanBusAt (fabricServer.canTlmBus): Arbitration resolution required: id=10(xa) chosen over id=11(xb) @510000101 ns


Info: CAN-INFO: XlTlmCanBusAt (fabricServer.canTlmBus): Arbitration resolution required: id=10(xa) chosen over id=11(xb) @520000101 ns


Info: CAN-INFO: XlTlmCanBusAt (fabricServer.canTlmBus): Arbitration resolution required: id=10(xa) chosen over id=11(xb) @530000101 ns


Info: CAN-INFO: XlTlmCanBusAt (fabricServer.canTlmBus): Arbitration resolution required: id=10(xa) chosen over id=11(xb) @540000101 ns


Info: CAN-INFO: XlTlmCanBusAt (fabricServer.canTlmBus): Arbitration resolution required: id=10(xa) chosen over id=11(xb) @550000101 ns


Info: CAN-INFO: XlTlmCanBusAt (fabricServer.canTlmBus): Arbitration resolution required: id=10(xa) chosen over id=11(xb) @560000101 ns


Info: CAN-INFO: XlTlmCanBusAt (fabricServer.canTlmBus): Arbitration resolution required: id=10(xa) chosen over id=11(xb) @570000101 ns


Info: CAN-INFO: XlTlmCanBusAt (fabricServer.canTlmBus): Arbitration resolution required: id=10(xa) chosen over id=11(xb) @580000101 ns


Info: CAN-INFO: XlTlmCanBusAt (fabricServer.canTlmBus): Arbitration resolution required: id=10(xa) chosen over id=11(xb) @590000101 ns


Info: CAN-INFO: XlTlmCanBusAt (fabricServer.canTlmBus): Arbitration resolution required: id=10(xa) chosen over id=11(xb) @600000101 ns


Info: CAN-INFO: XlTlmCanBusAt (fabricServer.canTlmBus): Arbitration resolution required: id=10(xa) chosen over id=11(xb) @610000101 ns


Info: CAN-INFO: XlTlmCanBusAt (fabricServer.canTlmBus): Arbitration resolution required: id=10(xa) chosen over id=11(xb) @620000101 ns


Info: CAN-INFO: XlTlmCanBusAt (fabricServer.canTlmBus): Arbitration resolution required: id=10(xa) chosen over id=11(xb) @630000101 ns


Info: CAN-INFO: XlTlmCanBusAt (fabricServer.canTlmBus): Arbitration resolution required: id=10(xa) chosen over id=11(xb) @640000101 ns


Info: CAN-INFO: XlTlmCanBusAt (fabricServer.canTlmBus): Arbitration resolution required: id=10(xa) chosen over id=11(xb) @650000101 ns


Info: CAN-INFO: XlTlmCanBusAt (fabricServer.canTlmBus): Arbitration resolution required: id=10(xa) chosen over id=11(xb) @660000101 ns


Info: CAN-INFO: XlTlmCanBusAt (fabricServer.canTlmBus): Arbitration resolution required: id=10(xa) chosen over id=11(xb) @670000101 ns


Info: CAN-INFO: XlTlmCanBusAt (fabricServer.canTlmBus): Arbitration resolution required: id=10(xa) chosen over id=11(xb) @680000101 ns


Info: CAN-INFO: XlTlmCanBusAt (fabricServer.canTlmBus): Arbitration resolution required: id=10(xa) chosen over id=11(xb) @690000101 ns


Info: CAN-INFO: XlTlmCanBusAt (fabricServer.canTlmBus): Arbitration resolution required: id=10(xa) chosen over id=11(xb) @700000101 ns


Info: CAN-INFO: XlTlmCanBusAt (fabricServer.canTlmBus): Arbitration resolution required: id=10(xa) chosen over id=11(xb) @710000101 ns


Info: CAN-INFO: XlTlmCanBusAt (fabricServer.canTlmBus): Arbitration resolution required: id=10(xa) chosen over id=11(xb) @720000101 ns


Info: CAN-INFO: XlTlmCanBusAt (fabricServer.canTlmBus): Arbitration resolution required: id=10(xa) chosen over id=11(xb) @730000101 ns


Info: CAN-INFO: XlTlmCanBusAt (fabricServer.canTlmBus): Arbitration resolution required: id=10(xa) chosen over id=11(xb) @740000101 ns


Info: CAN-INFO: XlTlmCanBusAt (fabricServer.canTlmBus): Arbitration resolution required: id=10(xa) chosen over id=11(xb) @750000101 ns


Info: CAN-INFO: XlTlmCanBusAt (fabricServer.canTlmBus): Arbitration resolution required: id=10(xa) chosen over id=11(xb) @760000101 ns


Info: CAN-INFO: XlTlmCanBusAt (fabricServer.canTlmBus): Arbitration resolution required: id=10(xa) chosen over id=11(xb) @770000101 ns


Info: CAN-INFO: XlTlmCanBusAt (fabricServer.canTlmBus): Arbitration resolution required: id=10(xa) chosen over id=11(xb) @780000101 ns


Info: CAN-INFO: XlTlmCanBusAt (fabricServer.canTlmBus): Arbitration resolution required: id=10(xa) chosen over id=11(xb) @790000101 ns


Info: CAN-INFO: XlTlmCanBusAt (fabricServer.canTlmBus): Arbitration resolution required: id=10(xa) chosen over id=11(xb) @800000101 ns


Info: CAN-INFO: XlTlmCanBusAt (fabricServer.canTlmBus): Arbitration resolution required: id=10(xa) chosen over id=11(xb) @810000101 ns


Info: CAN-INFO: XlTlmCanBusAt (fabricServer.canTlmBus): Arbitration resolution required: id=10(xa) chosen over id=11(xb) @820000101 ns


Info: CAN-INFO: XlTlmCanBusAt (fabricServer.canTlmBus): Arbitration resolution required: id=10(xa) chosen over id=11(xb) @830000101 ns


Info: CAN-INFO: XlTlmCanBusAt (fabricServer.canTlmBus): Arbitration resolution required: id=10(xa) chosen over id=11(xb) @840000101 ns


Info: CAN-INFO: XlTlmCanBusAt (fabricServer.canTlmBus): Arbitration resolution required: id=10(xa) chosen over id=11(xb) @850000101 ns


Info: CAN-INFO: XlTlmCanBusAt (fabricServer.canTlmBus): Arbitration resolution required: id=10(xa) chosen over id=11(xb) @860000101 ns


Info: CAN-INFO: XlTlmCanBusAt (fabricServer.canTlmBus): Arbitration resolution required: id=10(xa) chosen over id=11(xb) @870000101 ns


Info: CAN-INFO: XlTlmCanBusAt (fabricServer.canTlmBus): Arbitration resolution required: id=10(xa) chosen over id=11(xb) @880000101 ns


Info: CAN-INFO: XlTlmCanBusAt (fabricServer.canTlmBus): Arbitration resolution required: id=10(xa) chosen over id=11(xb) @890000101 ns


Info: CAN-INFO: XlTlmCanBusAt (fabricServer.canTlmBus): Arbitration resolution required: id=10(xa) chosen over id=11(xb) @900000101 ns


Info: CAN-INFO: XlTlmCanBusAt (fabricServer.canTlmBus): Arbitration resolution required: id=10(xa) chosen over id=11(xb) @910000101 ns


Info: CAN-INFO: XlTlmCanBusAt (fabricServer.canTlmBus): Arbitration resolution required: id=10(xa) chosen over id=11(xb) @920000101 ns


Info: CAN-INFO: XlTlmCanBusAt (fabricServer.canTlmBus): Arbitration resolution required: id=10(xa) chosen over id=11(xb) @930000101 ns


Info: CAN-INFO: XlTlmCanBusAt (fabricServer.canTlmBus): Arbitration resolution required: id=10(xa) chosen over id=11(xb) @940000101 ns


Info: CAN-INFO: XlTlmCanBusAt (fabricServer.canTlmBus): Arbitration resolution required: id=10(xa) chosen over id=11(xb) @950000101 ns


Info: CAN-INFO: XlTlmCanBusAt (fabricServer.canTlmBus): Arbitration resolution required: id=10(xa) chosen over id=11(xb) @960000101 ns


Info: CAN-INFO: XlTlmCanBusAt (fabricServer.canTlmBus): Arbitration resolution required: id=10(xa) chosen over id=11(xb) @970000101 ns


Info: CAN-INFO: XlTlmCanBusAt (fabricServer.canTlmBus): Arbitration resolution required: id=10(xa) chosen over id=11(xb) @980000101 ns


Info: CAN-INFO: XlTlmCanBusAt (fabricServer.canTlmBus): Arbitration resolution required: id=10(xa) chosen over id=11(xb) @990000101 ns


Info: CAN-INFO: XlTlmCanBusAt (fabricServer.canTlmBus): Arbitration resolution required: id=10(xa) chosen over id=11(xb) @1000000101 ns


Info: CAN-INFO: XlTlmCanBusAt (fabricServer.canTlmBus): Arbitration resolution required: id=10(xa) chosen over id=11(xb) @1010000101 ns


Info: CAN-INFO: XlTlmCanBusAt (fabricServer.canTlmBus): Arbitration resolution required: id=10(xa) chosen over id=11(xb) @1020000101 ns


Info: CAN-INFO: XlTlmCanBusAt (fabricServer.canTlmBus): Arbitration resolution required: id=10(xa) chosen over id=11(xb) @1030000101 ns


Info: CAN-INFO: XlTlmCanBusAt (fabricServer.canTlmBus): Arbitration resolution required: id=10(xa) chosen over id=11(xb) @1040000101 ns


Info: CAN-INFO: XlTlmCanBusAt (fabricServer.canTlmBus): Arbitration resolution required: id=10(xa) chosen over id=11(xb) @1050000101 ns


Info: CAN-INFO: XlTlmCanBusAt (fabricServer.canTlmBus): Arbitration resolution required: id=10(xa) chosen over id=11(xb) @1060000101 ns


Info: CAN-INFO: XlTlmCanBusAt (fabricServer.canTlmBus): Arbitration resolution required: id=10(xa) chosen over id=11(xb) @1070000101 ns


Info: CAN-INFO: XlTlmCanBusAt (fabricServer.canTlmBus): Arbitration resolution required: id=10(xa) chosen over id=11(xb) @1080000101 ns


Info: CAN-INFO: XlTlmCanBusAt (fabricServer.canTlmBus): Arbitration resolution required: id=10(xa) chosen over id=11(xb) @1090000101 ns


Info: CAN-INFO: XlTlmCanBusAt (fabricServer.canTlmBus): Arbitration resolution required: id=10(xa) chosen over id=11(xb) @1100000101 ns


Info: CAN-INFO: XlTlmCanBusAt (fabricServer.canTlmBus): Arbitration resolution required: id=10(xa) chosen over id=11(xb) @1110000101 ns


Info: CAN-INFO: XlTlmCanBusAt (fabricServer.canTlmBus): Arbitration resolution required: id=10(xa) chosen over id=11(xb) @1120000101 ns


Info: CAN-INFO: XlTlmCanBusAt (fabricServer.canTlmBus): Arbitration resolution required: id=10(xa) chosen over id=11(xb) @1130000101 ns


Info: CAN-INFO: XlTlmCanBusAt (fabricServer.canTlmBus): Arbitration resolution required: id=10(xa) chosen over id=11(xb) @1140000101 ns


Info: CAN-INFO: XlTlmCanBusAt (fabricServer.canTlmBus): Arbitration resolution required: id=10(xa) chosen over id=11(xb) @1150000101 ns


Info: CAN-INFO: XlTlmCanBusAt (fabricServer.canTlmBus): Arbitration resolution required: id=10(xa) chosen over id=11(xb) @1160000101 ns


Info: CAN-INFO: XlTlmCanBusAt (fabricServer.canTlmBus): Arbitration resolution required: id=10(xa) chosen over id=11(xb) @1170000101 ns


Info: CAN-INFO: XlTlmCanBusAt (fabricServer.canTlmBus): Arbitration resolution required: id=10(xa) chosen over id=11(xb) @1180000101 ns


Info: CAN-INFO: XlTlmCanBusAt (fabricServer.canTlmBus): Arbitration resolution required: id=10(xa) chosen over id=11(xb) @1190000101 ns


Info: CAN-INFO: XlTlmCanBusAt (fabricServer.canTlmBus): Arbitration resolution required: id=10(xa) chosen over id=11(xb) @1200000101 ns


Info: CAN-INFO: XlTlmCanBusAt (fabricServer.canTlmBus): Arbitration resolution required: id=10(xa) chosen over id=11(xb) @1210000101 ns


Info: CAN-INFO: XlTlmCanBusAt (fabricServer.canTlmBus): Arbitration resolution required: id=10(xa) chosen over id=11(xb) @1220000101 ns


Info: CAN-INFO: XlTlmCanBusAt (fabricServer.canTlmBus): Arbitration resolution required: id=10(xa) chosen over id=11(xb) @1230000101 ns


Info: CAN-INFO: XlTlmCanBusAt (fabricServer.canTlmBus): Arbitration resolution required: id=10(xa) chosen over id=11(xb) @1240000101 ns


Info: CAN-INFO: XlTlmCanBusAt (fabricServer.canTlmBus): Arbitration resolution required: id=10(xa) chosen over id=11(xb) @1250000101 ns


Info: CAN-INFO: XlTlmCanBusAt (fabricServer.canTlmBus): Arbitration resolution required: id=10(xa) chosen over id=11(xb) @1260000101 ns


Info: CAN-INFO: XlTlmCanBusAt (fabricServer.canTlmBus): Arbitration resolution required: id=10(xa) chosen over id=11(xb) @1270000101 ns


Info: CAN-INFO: XlTlmCanBusAt (fabricServer.canTlmBus): Arbitration resolution required: id=10(xa) chosen over id=11(xb) @1280000101 ns


Info: CAN-INFO: XlTlmCanBusAt (fabricServer.canTlmBus): Arbitration resolution required: id=10(xa) chosen over id=11(xb) @1290000101 ns


Info: CAN-INFO: XlTlmCanBusAt (fabricServer.canTlmBus): Arbitration resolution required: id=10(xa) chosen over id=11(xb) @1300000101 ns


Info: CAN-INFO: XlTlmCanBusAt (fabricServer.canTlmBus): Arbitration resolution required: id=10(xa) chosen over id=11(xb) @1310000101 ns


Info: CAN-INFO: XlTlmCanBusAt (fabricServer.canTlmBus): Arbitration resolution required: id=10(xa) chosen over id=11(xb) @1320000101 ns


Info: CAN-INFO: XlTlmCanBusAt (fabricServer.canTlmBus): Arbitration resolution required: id=10(xa) chosen over id=11(xb) @1330000101 ns


Info: CAN-INFO: XlTlmCanBusAt (fabricServer.canTlmBus): Arbitration resolution required: id=10(xa) chosen over id=11(xb) @1340000101 ns


Info: CAN-INFO: XlTlmCanBusAt (fabricServer.canTlmBus): Arbitration resolution required: id=10(xa) chosen over id=11(xb) @1350000101 ns


Info: CAN-INFO: XlTlmCanBusAt (fabricServer.canTlmBus): Arbitration resolution required: id=10(xa) chosen over id=11(xb) @1360000101 ns


Info: CAN-INFO: XlTlmCanBusAt (fabricServer.canTlmBus): Arbitration resolution required: id=10(xa) chosen over id=11(xb) @1370000101 ns


Info: CAN-INFO: XlTlmCanBusAt (fabricServer.canTlmBus): Arbitration resolution required: id=10(xa) chosen over id=11(xb) @1380000101 ns


Info: CAN-INFO: XlTlmCanBusAt (fabricServer.canTlmBus): Arbitration resolution required: id=10(xa) chosen over id=11(xb) @1390000101 ns


Info: CAN-INFO: XlTlmCanBusAt (fabricServer.canTlmBus): Arbitration resolution required: id=10(xa) chosen over id=11(xb) @1400000101 ns


Info: CAN-INFO: XlTlmCanBusAt (fabricServer.canTlmBus): Arbitration resolution required: id=10(xa) chosen over id=11(xb) @1410000101 ns


Info: CAN-INFO: XlTlmCanBusAt (fabricServer.canTlmBus): Arbitration resolution required: id=10(xa) chosen over id=11(xb) @1420000101 ns


Info: CAN-INFO: XlTlmCanBusAt (fabricServer.canTlmBus): Arbitration resolution required: id=10(xa) chosen over id=11(xb) @1430000101 ns


Info: CAN-INFO: XlTlmCanBusAt (fabricServer.canTlmBus): Arbitration resolution required: id=10(xa) chosen over id=11(xb) @1440000101 ns


Info: CAN-INFO: XlTlmCanBusAt (fabricServer.canTlmBus): Arbitration resolution required: id=10(xa) chosen over id=11(xb) @1450000101 ns


Info: CAN-INFO: XlTlmCanBusAt (fabricServer.canTlmBus): Arbitration resolution required: id=10(xa) chosen over id=11(xb) @1460000101 ns


Info: CAN-INFO: XlTlmCanBusAt (fabricServer.canTlmBus): Arbitration resolution required: id=10(xa) chosen over id=11(xb) @1470000101 ns


Info: CAN-INFO: XlTlmCanBusAt (fabricServer.canTlmBus): Arbitration resolution required: id=10(xa) chosen over id=11(xb) @1480000101 ns


Info: CAN-INFO: XlTlmCanBusAt (fabricServer.canTlmBus): Arbitration resolution required: id=10(xa) chosen over id=11(xb) @1490000101 ns


Info: CAN-INFO: XlTlmCanBusAt (fabricServer.canTlmBus): Arbitration resolution required: id=10(xa) chosen over id=11(xb) @1500000101 ns


Info: CAN-INFO: XlTlmCanBusAt (fabricServer.canTlmBus): Arbitration resolution required: id=10(xa) chosen over id=11(xb) @1510000101 ns


Info: CAN-INFO: XlTlmCanBusAt (fabricServer.canTlmBus): Arbitration resolution required: id=10(xa) chosen over id=11(xb) @1520000101 ns


Info: CAN-INFO: XlTlmCanBusAt (fabricServer.canTlmBus): Arbitration resolution required: id=10(xa) chosen over id=11(xb) @1530000101 ns


Info: CAN-INFO: XlTlmCanBusAt (fabricServer.canTlmBus): Arbitration resolution required: id=10(xa) chosen over id=11(xb) @1540000101 ns


Info: CAN-INFO: XlTlmCanBusAt (fabricServer.canTlmBus): Arbitration resolution required: id=10(xa) chosen over id=11(xb) @1550000101 ns


Info: CAN-INFO: XlTlmCanBusAt (fabricServer.canTlmBus): Arbitration resolution required: id=10(xa) chosen over id=11(xb) @1560000101 ns


Info: CAN-INFO: XlTlmCanBusAt (fabricServer.canTlmBus): Arbitration resolution required: id=10(xa) chosen over id=11(xb) @1570000101 ns


Info: CAN-INFO: XlTlmCanBusAt (fabricServer.canTlmBus): Arbitration resolution required: id=10(xa) chosen over id=11(xb) @1580000101 ns


Info: CAN-INFO: XlTlmCanBusAt (fabricServer.canTlmBus): Arbitration resolution required: id=10(xa) chosen over id=11(xb) @1590000101 ns


Info: CAN-INFO: XlTlmCanBusAt (fabricServer.canTlmBus): Arbitration resolution required: id=10(xa) chosen over id=11(xb) @1600000101 ns


Info: CAN-INFO: XlTlmCanBusAt (fabricServer.canTlmBus): Arbitration resolution required: id=10(xa) chosen over id=11(xb) @1610000101 ns


Info: CAN-INFO: XlTlmCanBusAt (fabricServer.canTlmBus): Arbitration resolution required: id=10(xa) chosen over id=11(xb) @1620000101 ns


Info: CAN-INFO: XlTlmCanBusAt (fabricServer.canTlmBus): Arbitration resolution required: id=10(xa) chosen over id=11(xb) @1630000101 ns


Info: CAN-INFO: XlTlmCanBusAt (fabricServer.canTlmBus): Arbitration resolution required: id=10(xa) chosen over id=11(xb) @1640000101 ns


Info: CAN-INFO: XlTlmCanBusAt (fabricServer.canTlmBus): Arbitration resolution required: id=10(xa) chosen over id=11(xb) @1650000101 ns


Info: CAN-INFO: XlTlmCanBusAt (fabricServer.canTlmBus): Arbitration resolution required: id=10(xa) chosen over id=11(xb) @1660000101 ns


Info: CAN-INFO: XlTlmCanBusAt (fabricServer.canTlmBus): Arbitration resolution required: id=10(xa) chosen over id=11(xb) @1670000101 ns


Info: CAN-INFO: XlTlmCanBusAt (fabricServer.canTlmBus): Arbitration resolution required: id=10(xa) chosen over id=11(xb) @1680000101 ns


Info: CAN-INFO: XlTlmCanBusAt (fabricServer.canTlmBus): Arbitration resolution required: id=10(xa) chosen over id=11(xb) @1690000101 ns


Info: CAN-INFO: XlTlmCanBusAt (fabricServer.canTlmBus): Arbitration resolution required: id=10(xa) chosen over id=11(xb) @1700000101 ns


Info: CAN-INFO: XlTlmCanBusAt (fabricServer.canTlmBus): Arbitration resolution required: id=10(xa) chosen over id=11(xb) @1710000101 ns


Info: CAN-INFO: XlTlmCanBusAt (fabricServer.canTlmBus): Arbitration resolution required: id=10(xa) chosen over id=11(xb) @1720000101 ns


Info: CAN-INFO: XlTlmCanBusAt (fabricServer.canTlmBus): Arbitration resolution required: id=10(xa) chosen over id=11(xb) @1730000101 ns


Info: CAN-INFO: XlTlmCanBusAt (fabricServer.canTlmBus): Arbitration resolution required: id=10(xa) chosen over id=11(xb) @1740000101 ns


Info: CAN-INFO: XlTlmCanBusAt (fabricServer.canTlmBus): Arbitration resolution required: id=10(xa) chosen over id=11(xb) @1750000101 ns


Info: CAN-INFO: XlTlmCanBusAt (fabricServer.canTlmBus): Arbitration resolution required: id=10(xa) chosen over id=11(xb) @1760000101 ns


Info: CAN-INFO: XlTlmCanBusAt (fabricServer.canTlmBus): Arbitration resolution required: id=10(xa) chosen over id=11(xb) @1770000101 ns


Info: CAN-INFO: XlTlmCanBusAt (fabricServer.canTlmBus): Arbitration resolution required: id=10(xa) chosen over id=11(xb) @1780000101 ns


Info: CAN-INFO: XlTlmCanBusAt (fabricServer.canTlmBus): Arbitration resolution required: id=10(xa) chosen over id=11(xb) @1790000101 ns


Info: CAN-INFO: XlTlmCanBusAt (fabricServer.canTlmBus): Arbitration resolution required: id=10(xa) chosen over id=11(xb) @1800000101 ns


Info: CAN-INFO: XlTlmCanBusAt (fabricServer.canTlmBus): Arbitration resolution required: id=10(xa) chosen over id=11(xb) @1810000101 ns


Info: CAN-INFO: XlTlmCanBusAt (fabricServer.canTlmBus): Arbitration resolution required: id=10(xa) chosen over id=11(xb) @1820000101 ns


Info: CAN-INFO: XlTlmCanBusAt (fabricServer.canTlmBus): Arbitration resolution required: id=10(xa) chosen over id=11(xb) @1830000101 ns


Info: CAN-INFO: XlTlmCanBusAt (fabricServer.canTlmBus): Arbitration resolution required: id=10(xa) chosen over id=11(xb) @1840000101 ns


Info: CAN-INFO: XlTlmCanBusAt (fabricServer.canTlmBus): Arbitration resolution required: id=10(xa) chosen over id=11(xb) @1850000101 ns


Info: CAN-INFO: XlTlmCanBusAt (fabricServer.canTlmBus): Arbitration resolution required: id=10(xa) chosen over id=11(xb) @1860000101 ns


Info: CAN-INFO: XlTlmCanBusAt (fabricServer.canTlmBus): Arbitration resolution required: id=10(xa) chosen over id=11(xb) @1870000101 ns


Info: CAN-INFO: XlTlmCanBusAt (fabricServer.canTlmBus): Arbitration resolution required: id=10(xa) chosen over id=11(xb) @1880000101 ns


Info: CAN-INFO: XlTlmCanBusAt (fabricServer.canTlmBus): Arbitration resolution required: id=10(xa) chosen over id=11(xb) @1890000101 ns


Info: CAN-INFO: XlTlmCanBusAt (fabricServer.canTlmBus): Arbitration resolution required: id=10(xa) chosen over id=11(xb) @1900000101 ns


Info: CAN-INFO: XlTlmCanBusAt (fabricServer.canTlmBus): Arbitration resolution required: id=10(xa) chosen over id=11(xb) @1910000101 ns


Info: CAN-INFO: XlTlmCanBusAt (fabricServer.canTlmBus): Arbitration resolution required: id=10(xa) chosen over id=11(xb) @1920000101 ns


Info: CAN-INFO: XlTlmCanBusAt (fabricServer.canTlmBus): Arbitration resolution required: id=10(xa) chosen over id=11(xb) @1930000101 ns


Info: CAN-INFO: XlTlmCanBusAt (fabricServer.canTlmBus): Arbitration resolution required: id=10(xa) chosen over id=11(xb) @1940000101 ns


Info: CAN-INFO: XlTlmCanBusAt (fabricServer.canTlmBus): Arbitration resolution required: id=10(xa) chosen over id=11(xb) @1950000101 ns


Info: CAN-INFO: XlTlmCanBusAt (fabricServer.canTlmBus): Arbitration resolution required: id=10(xa) chosen over id=11(xb) @1960000101 ns


Info: CAN-INFO: XlTlmCanBusAt (fabricServer.canTlmBus): Arbitration resolution required: id=10(xa) chosen over id=11(xb) @1970000101 ns


Info: CAN-INFO: XlTlmCanBusAt (fabricServer.canTlmBus): Arbitration resolution required: id=10(xa) chosen over id=11(xb) @1980000101 ns


Info: CAN-INFO: XlTlmCanBusAt (fabricServer.canTlmBus): Arbitration resolution required: id=10(xa) chosen over id=11(xb) @1990000101 ns


Info: CAN-INFO: XlTlmCanBusAt (fabricServer.canTlmBus): Arbitration resolution required: id=10(xa) chosen over id=11(xb) @2000000101 ns


Info: CAN-INFO: XlTlmCanBusAt (fabricServer.canTlmBus): Arbitration resolution required: id=10(xa) chosen over id=11(xb) @2010000101 ns


Info: CAN-INFO: XlTlmCanBusAt (fabricServer.canTlmBus): Arbitration resolution required: id=10(xa) chosen over id=11(xb) @2020000101 ns


Info: CAN-INFO: XlTlmCanBusAt (fabricServer.canTlmBus): Arbitration resolution required: id=10(xa) chosen over id=11(xb) @2030000101 ns


Info: CAN-INFO: XlTlmCanBusAt (fabricServer.canTlmBus): Arbitration resolution required: id=10(xa) chosen over id=11(xb) @2040000101 ns


Info: CAN-INFO: XlTlmCanBusAt (fabricServer.canTlmBus): Arbitration resolution required: id=10(xa) chosen over id=11(xb) @2050000101 ns


Info: CAN-INFO: XlTlmCanBusAt (fabricServer.canTlmBus): Arbitration resolution required: id=10(xa) chosen over id=11(xb) @2060000101 ns


Info: CAN-INFO: XlTlmCanBusAt (fabricServer.canTlmBus): Arbitration resolution required: id=10(xa) chosen over id=11(xb) @2070000101 ns


Info: CAN-INFO: XlTlmCanBusAt (fabricServer.canTlmBus): Arbitration resolution required: id=10(xa) chosen over id=11(xb) @2080000101 ns


Info: CAN-INFO: XlTlmCanBusAt (fabricServer.canTlmBus): Arbitration resolution required: id=10(xa) chosen over id=11(xb) @2090000101 ns


Info: CAN-INFO: XlTlmCanBusAt (fabricServer.canTlmBus): Arbitration resolution required: id=10(xa) chosen over id=11(xb) @2100000101 ns


Info: CAN-INFO: XlTlmCanBusAt (fabricServer.canTlmBus): Arbitration resolution required: id=10(xa) chosen over id=11(xb) @2110000101 ns


Info: CAN-INFO: XlTlmCanBusAt (fabricServer.canTlmBus): Arbitration resolution required: id=10(xa) chosen over id=11(xb) @2120000101 ns


Info: CAN-INFO: XlTlmCanBusAt (fabricServer.canTlmBus): Arbitration resolution required: id=10(xa) chosen over id=11(xb) @2130000101 ns


Info: CAN-INFO: XlTlmCanBusAt (fabricServer.canTlmBus): Arbitration resolution required: id=10(xa) chosen over id=11(xb) @2140000101 ns


Info: CAN-INFO: XlTlmCanBusAt (fabricServer.canTlmBus): Arbitration resolution required: id=10(xa) chosen over id=11(xb) @2150000101 ns


Info: CAN-INFO: XlTlmCanBusAt (fabricServer.canTlmBus): Arbitration resolution required: id=10(xa) chosen over id=11(xb) @2160000101 ns


Info: CAN-INFO: XlTlmCanBusAt (fabricServer.canTlmBus): Arbitration resolution required: id=10(xa) chosen over id=11(xb) @2170000101 ns


Info: CAN-INFO: XlTlmCanBusAt (fabricServer.canTlmBus): Arbitration resolution required: id=10(xa) chosen over id=11(xb) @2180000101 ns


Info: CAN-INFO: XlTlmCanBusAt (fabricServer.canTlmBus): Arbitration resolution required: id=10(xa) chosen over id=11(xb) @2190000101 ns


Info: CAN-INFO: XlTlmCanBusAt (fabricServer.canTlmBus): Arbitration resolution required: id=10(xa) chosen over id=11(xb) @2200000101 ns


Info: CAN-INFO: XlTlmCanBusAt (fabricServer.canTlmBus): Arbitration resolution required: id=10(xa) chosen over id=11(xb) @2210000101 ns


Info: CAN-INFO: XlTlmCanBusAt (fabricServer.canTlmBus): Arbitration resolution required: id=10(xa) chosen over id=11(xb) @2220000101 ns


Info: CAN-INFO: XlTlmCanBusAt (fabricServer.canTlmBus): Arbitration resolution required: id=10(xa) chosen over id=11(xb) @2230000101 ns


Info: CAN-INFO: XlTlmCanBusAt (fabricServer.canTlmBus): Arbitration resolution required: id=10(xa) chosen over id=11(xb) @2240000101 ns


Info: CAN-INFO: XlTlmCanBusAt (fabricServer.canTlmBus): Arbitration resolution required: id=10(xa) chosen over id=11(xb) @2250000101 ns


Info: CAN-INFO: XlTlmCanBusAt (fabricServer.canTlmBus): Arbitration resolution required: id=10(xa) chosen over id=11(xb) @2260000101 ns


Info: CAN-INFO: XlTlmCanBusAt (fabricServer.canTlmBus): Arbitration resolution required: id=10(xa) chosen over id=11(xb) @2270000101 ns


Info: CAN-INFO: XlTlmCanBusAt (fabricServer.canTlmBus): Arbitration resolution required: id=10(xa) chosen over id=11(xb) @2280000101 ns


Info: CAN-INFO: XlTlmCanBusAt (fabricServer.canTlmBus): Arbitration resolution required: id=10(xa) chosen over id=11(xb) @2290000101 ns


Info: CAN-INFO: XlTlmCanBusAt (fabricServer.canTlmBus): Arbitration resolution required: id=10(xa) chosen over id=11(xb) @2300000101 ns


Info: CAN-INFO: XlTlmCanBusAt (fabricServer.canTlmBus): Arbitration resolution required: id=10(xa) chosen over id=11(xb) @2310000101 ns


Info: CAN-INFO: XlTlmCanBusAt (fabricServer.canTlmBus): Arbitration resolution required: id=10(xa) chosen over id=11(xb) @2320000101 ns


Info: CAN-INFO: XlTlmCanBusAt (fabricServer.canTlmBus): Arbitration resolution required: id=10(xa) chosen over id=11(xb) @2330000101 ns


Info: CAN-INFO: XlTlmCanBusAt (fabricServer.canTlmBus): Arbitration resolution required: id=10(xa) chosen over id=11(xb) @2340000101 ns


Info: CAN-INFO: XlTlmCanBusAt (fabricServer.canTlmBus): Arbitration resolution required: id=10(xa) chosen over id=11(xb) @2350000101 ns


Info: CAN-INFO: XlTlmCanBusAt (fabricServer.canTlmBus): Arbitration resolution required: id=10(xa) chosen over id=11(xb) @2360000101 ns


Info: CAN-INFO: XlTlmCanBusAt (fabricServer.canTlmBus): Arbitration resolution required: id=10(xa) chosen over id=11(xb) @2370000101 ns


Info: CAN-INFO: XlTlmCanBusAt (fabricServer.canTlmBus): Arbitration resolution required: id=10(xa) chosen over id=11(xb) @2380000101 ns


Info: CAN-INFO: XlTlmCanBusAt (fabricServer.canTlmBus): Arbitration resolution required: id=10(xa) chosen over id=11(xb) @2390000101 ns


Info: CAN-INFO: XlTlmCanBusAt (fabricServer.canTlmBus): Arbitration resolution required: id=10(xa) chosen over id=11(xb) @2400000101 ns


Info: CAN-INFO: XlTlmCanBusAt (fabricServer.canTlmBus): Arbitration resolution required: id=10(xa) chosen over id=11(xb) @2410000101 ns


Info: CAN-INFO: XlTlmCanBusAt (fabricServer.canTlmBus): Arbitration resolution required: id=10(xa) chosen over id=11(xb) @2420000101 ns


Info: CAN-INFO: XlTlmCanBusAt (fabricServer.canTlmBus): Arbitration resolution required: id=10(xa) chosen over id=11(xb) @2430000101 ns


Info: CAN-INFO: XlTlmCanBusAt (fabricServer.canTlmBus): Arbitration resolution required: id=10(xa) chosen over id=11(xb) @2440000101 ns


Info: CAN-INFO: XlTlmCanBusAt (fabricServer.canTlmBus): Arbitration resolution required: id=10(xa) chosen over id=11(xb) @2450000101 ns


Info: CAN-INFO: XlTlmCanBusAt (fabricServer.canTlmBus): Arbitration resolution required: id=10(xa) chosen over id=11(xb) @2460000101 ns


Info: CAN-INFO: XlTlmCanBusAt (fabricServer.canTlmBus): Arbitration resolution required: id=10(xa) chosen over id=11(xb) @2470000101 ns


Info: CAN-INFO: XlTlmCanBusAt (fabricServer.canTlmBus): Arbitration resolution required: id=10(xa) chosen over id=11(xb) @2480000101 ns


Info: CAN-INFO: XlTlmCanBusAt (fabricServer.canTlmBus): Arbitration resolution required: id=10(xa) chosen over id=11(xb) @2490000101 ns


Info: CAN-INFO: XlTlmCanBusAt (fabricServer.canTlmBus): Arbitration resolution required: id=10(xa) chosen over id=11(xb) @2500000101 ns


Info: CAN-INFO: XlTlmCanBusAt (fabricServer.canTlmBus): Arbitration resolution required: id=10(xa) chosen over id=11(xb) @2510000101 ns


Info: CAN-INFO: XlTlmCanBusAt (fabricServer.canTlmBus): Arbitration resolution required: id=10(xa) chosen over id=11(xb) @2520000101 ns


Info: CAN-INFO: XlTlmCanBusAt (fabricServer.canTlmBus): Arbitration resolution required: id=10(xa) chosen over id=11(xb) @2530000101 ns


Info: CAN-INFO: XlTlmCanBusAt (fabricServer.canTlmBus): Arbitration resolution required: id=10(xa) chosen over id=11(xb) @2540000101 ns


Info: CAN-INFO: XlTlmCanBusAt (fabricServer.canTlmBus): Arbitration resolution required: id=10(xa) chosen over id=11(xb) @2550000101 ns


Info: CAN-INFO: XlTlmCanBusAt (fabricServer.canTlmBus): Arbitration resolution required: id=10(xa) chosen over id=11(xb) @2560000101 ns


Info: CAN-INFO: XlTlmCanBusAt (fabricServer.canTlmBus): Arbitration resolution required: id=10(xa) chosen over id=11(xb) @2570000101 ns


Info: CAN-INFO: XlTlmCanBusAt (fabricServer.canTlmBus): Arbitration resolution required: id=10(xa) chosen over id=11(xb) @2580000101 ns


Info: CAN-INFO: XlTlmCanBusAt (fabricServer.canTlmBus): Arbitration resolution required: id=10(xa) chosen over id=11(xb) @2590000101 ns


Info: CAN-INFO: XlTlmCanBusAt (fabricServer.canTlmBus): Arbitration resolution required: id=10(xa) chosen over id=11(xb) @2600000101 ns


Info: CAN-INFO: XlTlmCanBusAt (fabricServer.canTlmBus): Arbitration resolution required: id=10(xa) chosen over id=11(xb) @2610000101 ns


Info: CAN-INFO: XlTlmCanBusAt (fabricServer.canTlmBus): Arbitration resolution required: id=10(xa) chosen over id=11(xb) @2620000101 ns


Info: CAN-INFO: XlTlmCanBusAt (fabricServer.canTlmBus): Arbitration resolution required: id=10(xa) chosen over id=11(xb) @2630000101 ns


Info: CAN-INFO: XlTlmCanBusAt (fabricServer.canTlmBus): Arbitration resolution required: id=10(xa) chosen over id=11(xb) @2640000101 ns


Info: CAN-INFO: XlTlmCanBusAt (fabricServer.canTlmBus): Arbitration resolution required: id=10(xa) chosen over id=11(xb) @2650000101 ns


Info: CAN-INFO: XlTlmCanBusAt (fabricServer.canTlmBus): Arbitration resolution required: id=10(xa) chosen over id=11(xb) @2660000101 ns


Info: CAN-INFO: XlTlmCanBusAt (fabricServer.canTlmBus): Arbitration resolution required: id=10(xa) chosen over id=11(xb) @2670000101 ns


Info: CAN-INFO: XlTlmCanBusAt (fabricServer.canTlmBus): Arbitration resolution required: id=10(xa) chosen over id=11(xb) @2680000101 ns


Info: CAN-INFO: XlTlmCanBusAt (fabricServer.canTlmBus): Arbitration resolution required: id=10(xa) chosen over id=11(xb) @2690000101 ns


Info: CAN-INFO: XlTlmCanBusAt (fabricServer.canTlmBus): Arbitration resolution required: id=10(xa) chosen over id=11(xb) @2700000101 ns


Info: CAN-INFO: XlTlmCanBusAt (fabricServer.canTlmBus): Arbitration resolution required: id=10(xa) chosen over id=11(xb) @2710000101 ns


Info: CAN-INFO: XlTlmCanBusAt (fabricServer.canTlmBus): Arbitration resolution required: id=10(xa) chosen over id=11(xb) @2720000101 ns


Info: CAN-INFO: XlTlmCanBusAt (fabricServer.canTlmBus): Arbitration resolution required: id=10(xa) chosen over id=11(xb) @2730000101 ns


Info: CAN-INFO: XlTlmCanBusAt (fabricServer.canTlmBus): Arbitration resolution required: id=10(xa) chosen over id=11(xb) @2740000101 ns


Info: CAN-INFO: XlTlmCanBusAt (fabricServer.canTlmBus): Arbitration resolution required: id=10(xa) chosen over id=11(xb) @2750000101 ns


Info: CAN-INFO: XlTlmCanBusAt (fabricServer.canTlmBus): Arbitration resolution required: id=10(xa) chosen over id=11(xb) @2760000101 ns


Info: CAN-INFO: XlTlmCanBusAt (fabricServer.canTlmBus): Arbitration resolution required: id=10(xa) chosen over id=11(xb) @2770000101 ns


Info: CAN-INFO: XlTlmCanBusAt (fabricServer.canTlmBus): Arbitration resolution required: id=10(xa) chosen over id=11(xb) @2780000101 ns


Info: CAN-INFO: XlTlmCanBusAt (fabricServer.canTlmBus): Arbitration resolution required: id=10(xa) chosen over id=11(xb) @2790000101 ns


Info: CAN-INFO: XlTlmCanBusAt (fabricServer.canTlmBus): Arbitration resolution required: id=10(xa) chosen over id=11(xb) @2800000101 ns


Info: CAN-INFO: XlTlmCanBusAt (fabricServer.canTlmBus): Arbitration resolution required: id=10(xa) chosen over id=11(xb) @2810000101 ns


Info: CAN-INFO: XlTlmCanBusAt (fabricServer.canTlmBus): Arbitration resolution required: id=10(xa) chosen over id=11(xb) @2820000101 ns


Info: CAN-INFO: XlTlmCanBusAt (fabricServer.canTlmBus): Arbitration resolution required: id=10(xa) chosen over id=11(xb) @2830000101 ns


Info: CAN-INFO: XlTlmCanBusAt (fabricServer.canTlmBus): Arbitration resolution required: id=10(xa) chosen over id=11(xb) @2840000101 ns


Info: CAN-INFO: XlTlmCanBusAt (fabricServer.canTlmBus): Arbitration resolution required: id=10(xa) chosen over id=11(xb) @2850000101 ns


Info: CAN-INFO: XlTlmCanBusAt (fabricServer.canTlmBus): Arbitration resolution required: id=10(xa) chosen over id=11(xb) @2860000101 ns


Info: CAN-INFO: XlTlmCanBusAt (fabricServer.canTlmBus): Arbitration resolution required: id=10(xa) chosen over id=11(xb) @2870000101 ns


Info: CAN-INFO: XlTlmCanBusAt (fabricServer.canTlmBus): Arbitration resolution required: id=10(xa) chosen over id=11(xb) @2880000101 ns


Info: CAN-INFO: XlTlmCanBusAt (fabricServer.canTlmBus): Arbitration resolution required: id=10(xa) chosen over id=11(xb) @2890000101 ns


Info: CAN-INFO: XlTlmCanBusAt (fabricServer.canTlmBus): Arbitration resolution required: id=10(xa) chosen over id=11(xb) @2900000101 ns


Info: CAN-INFO: XlTlmCanBusAt (fabricServer.canTlmBus): Arbitration resolution required: id=10(xa) chosen over id=11(xb) @2910000101 ns


Info: CAN-INFO: XlTlmCanBusAt (fabricServer.canTlmBus): Arbitration resolution required: id=10(xa) chosen over id=11(xb) @2920000101 ns


Info: CAN-INFO: XlTlmCanBusAt (fabricServer.canTlmBus): Arbitration resolution required: id=10(xa) chosen over id=11(xb) @2930000101 ns


Info: CAN-INFO: XlTlmCanBusAt (fabricServer.canTlmBus): Arbitration resolution required: id=10(xa) chosen over id=11(xb) @2940000101 ns


Info: CAN-INFO: XlTlmCanBusAt (fabricServer.canTlmBus): Arbitration resolution required: id=10(xa) chosen over id=11(xb) @2950000101 ns


Info: CAN-INFO: XlTlmCanBusAt (fabricServer.canTlmBus): Arbitration resolution required: id=10(xa) chosen over id=11(xb) @2960000101 ns


Info: CAN-INFO: XlTlmCanBusAt (fabricServer.canTlmBus): Arbitration resolution required: id=10(xa) chosen over id=11(xb) @2970000101 ns


Info: CAN-INFO: XlTlmCanBusAt (fabricServer.canTlmBus): Arbitration resolution required: id=10(xa) chosen over id=11(xb) @2980000101 ns


Info: CAN-INFO: XlTlmCanBusAt (fabricServer.canTlmBus): Arbitration resolution required: id=10(xa) chosen over id=11(xb) @2990000101 ns


Info: CAN-INFO: XlTlmCanBusAt (fabricServer.canTlmBus): Arbitration resolution required: id=10(xa) chosen over id=11(xb) @3000000101 ns


Info: CAN-INFO: XlTlmCanBusAt (fabricServer.canTlmBus): Arbitration resolution required: id=10(xa) chosen over id=11(xb) @3010000101 ns


Info: CAN-INFO: XlTlmCanBusAt (fabricServer.canTlmBus): Arbitration resolution required: id=10(xa) chosen over id=11(xb) @3020000101 ns


Info: CAN-INFO: XlTlmCanBusAt (fabricServer.canTlmBus): Arbitration resolution required: id=10(xa) chosen over id=11(xb) @3030000101 ns


Info: CAN-INFO: XlTlmCanBusAt (fabricServer.canTlmBus): Arbitration resolution required: id=10(xa) chosen over id=11(xb) @3040000101 ns


Info: CAN-INFO: XlTlmCanBusAt (fabricServer.canTlmBus): Arbitration resolution required: id=10(xa) chosen over id=11(xb) @3050000101 ns


Info: CAN-INFO: XlTlmCanBusAt (fabricServer.canTlmBus): Arbitration resolution required: id=10(xa) chosen over id=11(xb) @3060000101 ns


Info: CAN-INFO: XlTlmCanBusAt (fabricServer.canTlmBus): Arbitration resolution required: id=10(xa) chosen over id=11(xb) @3070000101 ns


Info: CAN-INFO: XlTlmCanBusAt (fabricServer.canTlmBus): Arbitration resolution required: id=10(xa) chosen over id=11(xb) @3080000101 ns


Info: CAN-INFO: XlTlmCanBusAt (fabricServer.canTlmBus): Arbitration resolution required: id=10(xa) chosen over id=11(xb) @3090000101 ns


Info: CAN-INFO: XlTlmCanBusAt (fabricServer.canTlmBus): Arbitration resolution required: id=10(xa) chosen over id=11(xb) @3100000101 ns


Info: CAN-INFO: XlTlmCanBusAt (fabricServer.canTlmBus): Arbitration resolution required: id=10(xa) chosen over id=11(xb) @3110000101 ns


Info: CAN-INFO: XlTlmCanBusAt (fabricServer.canTlmBus): Arbitration resolution required: id=10(xa) chosen over id=11(xb) @3120000101 ns


Info: CAN-INFO: XlTlmCanBusAt (fabricServer.canTlmBus): Arbitration resolution required: id=10(xa) chosen over id=11(xb) @3130000101 ns


Info: CAN-INFO: XlTlmCanBusAt (fabricServer.canTlmBus): Arbitration resolution required: id=10(xa) chosen over id=11(xb) @3140000101 ns


Info: CAN-INFO: XlTlmCanBusAt (fabricServer.canTlmBus): Arbitration resolution required: id=10(xa) chosen over id=11(xb) @3150000101 ns


Info: CAN-INFO: XlTlmCanBusAt (fabricServer.canTlmBus): Arbitration resolution required: id=10(xa) chosen over id=11(xb) @3160000101 ns


Info: CAN-INFO: XlTlmCanBusAt (fabricServer.canTlmBus): Arbitration resolution required: id=10(xa) chosen over id=11(xb) @3170000101 ns


Info: CAN-INFO: XlTlmCanBusAt (fabricServer.canTlmBus): Arbitration resolution required: id=10(xa) chosen over id=11(xb) @3180000101 ns


Info: CAN-INFO: XlTlmCanBusAt (fabricServer.canTlmBus): Arbitration resolution required: id=10(xa) chosen over id=11(xb) @3190000101 ns


Info: CAN-INFO: XlTlmCanBusAt (fabricServer.canTlmBus): Arbitration resolution required: id=10(xa) chosen over id=11(xb) @3200000101 ns


Info: CAN-INFO: XlTlmCanBusAt (fabricServer.canTlmBus): Arbitration resolution required: id=10(xa) chosen over id=11(xb) @3210000101 ns


Info: CAN-INFO: XlTlmCanBusAt (fabricServer.canTlmBus): Arbitration resolution required: id=10(xa) chosen over id=11(xb) @3220000101 ns


Info: CAN-INFO: XlTlmCanBusAt (fabricServer.canTlmBus): Arbitration resolution required: id=10(xa) chosen over id=11(xb) @3230000101 ns


Info: CAN-INFO: XlTlmCanBusAt (fabricServer.canTlmBus): Arbitration resolution required: id=10(xa) chosen over id=11(xb) @3240000101 ns


Info: CAN-INFO: XlTlmCanBusAt (fabricServer.canTlmBus): Arbitration resolution required: id=10(xa) chosen over id=11(xb) @3250000101 ns


Info: CAN-INFO: XlTlmCanBusAt (fabricServer.canTlmBus): Arbitration resolution required: id=10(xa) chosen over id=11(xb) @3260000101 ns


Info: CAN-INFO: XlTlmCanBusAt (fabricServer.canTlmBus): Arbitration resolution required: id=10(xa) chosen over id=11(xb) @3270000101 ns


Info: CAN-INFO: XlTlmCanBusAt (fabricServer.canTlmBus): Arbitration resolution required: id=10(xa) chosen over id=11(xb) @3280000101 ns


Info: CAN-INFO: XlTlmCanBusAt (fabricServer.canTlmBus): Arbitration resolution required: id=10(xa) chosen over id=11(xb) @3290000101 ns


Info: CAN-INFO: XlTlmCanBusAt (fabricServer.canTlmBus): Arbitration resolution required: id=10(xa) chosen over id=11(xb) @3300000101 ns


Info: CAN-INFO: XlTlmCanBusAt (fabricServer.canTlmBus): Arbitration resolution required: id=10(xa) chosen over id=11(xb) @3310000101 ns


Info: CAN-INFO: XlTlmCanBusAt (fabricServer.canTlmBus): Arbitration resolution required: id=10(xa) chosen over id=11(xb) @3320000101 ns


Info: CAN-INFO: XlTlmCanBusAt (fabricServer.canTlmBus): Arbitration resolution required: id=10(xa) chosen over id=11(xb) @3330000101 ns


Info: CAN-INFO: XlTlmCanBusAt (fabricServer.canTlmBus): Arbitration resolution required: id=10(xa) chosen over id=11(xb) @3340000101 ns


Info: CAN-INFO: XlTlmCanBusAt (fabricServer.canTlmBus): Arbitration resolution required: id=10(xa) chosen over id=11(xb) @3350000101 ns


Info: CAN-INFO: XlTlmCanBusAt (fabricServer.canTlmBus): Arbitration resolution required: id=10(xa) chosen over id=11(xb) @3360000101 ns


Info: CAN-INFO: XlTlmCanBusAt (fabricServer.canTlmBus): Arbitration resolution required: id=10(xa) chosen over id=11(xb) @3370000101 ns


Info: CAN-INFO: XlTlmCanBusAt (fabricServer.canTlmBus): Arbitration resolution required: id=10(xa) chosen over id=11(xb) @3380000101 ns


Info: CAN-INFO: XlTlmCanBusAt (fabricServer.canTlmBus): Arbitration resolution required: id=10(xa) chosen over id=11(xb) @3390000101 ns


Info: CAN-INFO: XlTlmCanBusAt (fabricServer.canTlmBus): Arbitration resolution required: id=10(xa) chosen over id=11(xb) @3400000101 ns


Info: CAN-INFO: XlTlmCanBusAt (fabricServer.canTlmBus): Arbitration resolution required: id=10(xa) chosen over id=11(xb) @3410000101 ns


Info: CAN-INFO: XlTlmCanBusAt (fabricServer.canTlmBus): Arbitration resolution required: id=10(xa) chosen over id=11(xb) @3420000101 ns


Info: CAN-INFO: XlTlmCanBusAt (fabricServer.canTlmBus): Arbitration resolution required: id=10(xa) chosen over id=11(xb) @3430000101 ns


Info: CAN-INFO: XlTlmCanBusAt (fabricServer.canTlmBus): Arbitration resolution required: id=10(xa) chosen over id=11(xb) @3440000101 ns


Info: CAN-INFO: XlTlmCanBusAt (fabricServer.canTlmBus): Arbitration resolution required: id=10(xa) chosen over id=11(xb) @3450000101 ns


Info: CAN-INFO: XlTlmCanBusAt (fabricServer.canTlmBus): Arbitration resolution required: id=10(xa) chosen over id=11(xb) @3460000101 ns


Info: CAN-INFO: XlTlmCanBusAt (fabricServer.canTlmBus): Arbitration resolution required: id=10(xa) chosen over id=11(xb) @3470000101 ns


Info: CAN-INFO: XlTlmCanBusAt (fabricServer.canTlmBus): Arbitration resolution required: id=10(xa) chosen over id=11(xb) @3480000101 ns


Info: CAN-INFO: XlTlmCanBusAt (fabricServer.canTlmBus): Arbitration resolution required: id=10(xa) chosen over id=11(xb) @3490000101 ns


Info: CAN-INFO: XlTlmCanBusAt (fabricServer.canTlmBus): Arbitration resolution required: id=10(xa) chosen over id=11(xb) @3500000101 ns


Info: CAN-INFO: XlTlmCanBusAt (fabricServer.canTlmBus): Arbitration resolution required: id=10(xa) chosen over id=11(xb) @3510000101 ns


Info: CAN-INFO: XlTlmCanBusAt (fabricServer.canTlmBus): Arbitration resolution required: id=10(xa) chosen over id=11(xb) @3520000101 ns


Info: CAN-INFO: XlTlmCanBusAt (fabricServer.canTlmBus): Arbitration resolution required: id=10(xa) chosen over id=11(xb) @3530000101 ns


Info: CAN-INFO: XlTlmCanBusAt (fabricServer.canTlmBus): Arbitration resolution required: id=10(xa) chosen over id=11(xb) @3540000101 ns


Info: CAN-INFO: XlTlmCanBusAt (fabricServer.canTlmBus): Arbitration resolution required: id=10(xa) chosen over id=11(xb) @3550000101 ns


Info: CAN-INFO: XlTlmCanBusAt (fabricServer.canTlmBus): Arbitration resolution required: id=10(xa) chosen over id=11(xb) @3560000101 ns


Info: CAN-INFO: XlTlmCanBusAt (fabricServer.canTlmBus): Arbitration resolution required: id=10(xa) chosen over id=11(xb) @3570000101 ns


Info: CAN-INFO: XlTlmCanBusAt (fabricServer.canTlmBus): Arbitration resolution required: id=10(xa) chosen over id=11(xb) @3580000101 ns


Info: CAN-INFO: XlTlmCanBusAt (fabricServer.canTlmBus): Arbitration resolution required: id=10(xa) chosen over id=11(xb) @3590000101 ns


Info: CAN-INFO: XlTlmCanBusAt (fabricServer.canTlmBus): Arbitration resolution required: id=10(xa) chosen over id=11(xb) @3600000101 ns


Info: CAN-INFO: XlTlmCanBusAt (fabricServer.canTlmBus): Arbitration resolution required: id=10(xa) chosen over id=11(xb) @3610000101 ns


Info: CAN-INFO: XlTlmCanBusAt (fabricServer.canTlmBus): Arbitration resolution required: id=10(xa) chosen over id=11(xb) @3620000101 ns


Info: CAN-INFO: XlTlmCanBusAt (fabricServer.canTlmBus): Arbitration resolution required: id=10(xa) chosen over id=11(xb) @3630000101 ns


Info: CAN-INFO: XlTlmCanBusAt (fabricServer.canTlmBus): Arbitration resolution required: id=10(xa) chosen over id=11(xb) @3640000101 ns


Info: CAN-INFO: XlTlmCanBusAt (fabricServer.canTlmBus): Arbitration resolution required: id=10(xa) chosen over id=11(xb) @3650000101 ns


Info: CAN-INFO: XlTlmCanBusAt (fabricServer.canTlmBus): Arbitration resolution required: id=10(xa) chosen over id=11(xb) @3660000101 ns


Info: CAN-INFO: XlTlmCanBusAt (fabricServer.canTlmBus): Arbitration resolution required: id=10(xa) chosen over id=11(xb) @3670000101 ns


Info: CAN-INFO: XlTlmCanBusAt (fabricServer.canTlmBus): Arbitration resolution required: id=10(xa) chosen over id=11(xb) @3680000101 ns


Info: CAN-INFO: XlTlmCanBusAt (fabricServer.canTlmBus): Arbitration resolution required: id=10(xa) chosen over id=11(xb) @3690000101 ns


Info: CAN-INFO: XlTlmCanBusAt (fabricServer.canTlmBus): Arbitration resolution required: id=10(xa) chosen over id=11(xb) @3700000101 ns


Info: CAN-INFO: XlTlmCanBusAt (fabricServer.canTlmBus): Arbitration resolution required: id=10(xa) chosen over id=11(xb) @3710000101 ns


Info: CAN-INFO: XlTlmCanBusAt (fabricServer.canTlmBus): Arbitration resolution required: id=10(xa) chosen over id=11(xb) @3720000101 ns


Info: CAN-INFO: XlTlmCanBusAt (fabricServer.canTlmBus): Arbitration resolution required: id=10(xa) chosen over id=11(xb) @3730000101 ns


Info: CAN-INFO: XlTlmCanBusAt (fabricServer.canTlmBus): Arbitration resolution required: id=10(xa) chosen over id=11(xb) @3740000101 ns


Info: CAN-INFO: XlTlmCanBusAt (fabricServer.canTlmBus): Arbitration resolution required: id=10(xa) chosen over id=11(xb) @3750000101 ns


Info: CAN-INFO: XlTlmCanBusAt (fabricServer.canTlmBus): Arbitration resolution required: id=10(xa) chosen over id=11(xb) @3760000101 ns


Info: CAN-INFO: XlTlmCanBusAt (fabricServer.canTlmBus): Arbitration resolution required: id=10(xa) chosen over id=11(xb) @3770000101 ns


Info: CAN-INFO: XlTlmCanBusAt (fabricServer.canTlmBus): Arbitration resolution required: id=10(xa) chosen over id=11(xb) @3780000101 ns


Info: CAN-INFO: XlTlmCanBusAt (fabricServer.canTlmBus): Arbitration resolution required: id=10(xa) chosen over id=11(xb) @3790000101 ns


Info: CAN-INFO: XlTlmCanBusAt (fabricServer.canTlmBus): Arbitration resolution required: id=10(xa) chosen over id=11(xb) @3800000101 ns


Info: CAN-INFO: XlTlmCanBusAt (fabricServer.canTlmBus): Arbitration resolution required: id=10(xa) chosen over id=11(xb) @3810000101 ns


Info: CAN-INFO: XlTlmCanBusAt (fabricServer.canTlmBus): Arbitration resolution required: id=10(xa) chosen over id=11(xb) @3820000101 ns


Info: CAN-INFO: XlTlmCanBusAt (fabricServer.canTlmBus): Arbitration resolution required: id=10(xa) chosen over id=11(xb) @3830000101 ns


Info: CAN-INFO: XlTlmCanBusAt (fabricServer.canTlmBus): Arbitration resolution required: id=10(xa) chosen over id=11(xb) @3840000101 ns


Info: CAN-INFO: XlTlmCanBusAt (fabricServer.canTlmBus): Arbitration resolution required: id=10(xa) chosen over id=11(xb) @3850000101 ns


Info: CAN-INFO: XlTlmCanBusAt (fabricServer.canTlmBus): Arbitration resolution required: id=10(xa) chosen over id=11(xb) @3860000101 ns


Info: CAN-INFO: XlTlmCanBusAt (fabricServer.canTlmBus): Arbitration resolution required: id=10(xa) chosen over id=11(xb) @3870000101 ns


Info: CAN-INFO: XlTlmCanBusAt (fabricServer.canTlmBus): Arbitration resolution required: id=10(xa) chosen over id=11(xb) @3880000101 ns


Info: CAN-INFO: XlTlmCanBusAt (fabricServer.canTlmBus): Arbitration resolution required: id=10(xa) chosen over id=11(xb) @3890000101 ns


Info: CAN-INFO: XlTlmCanBusAt (fabricServer.canTlmBus): Arbitration resolution required: id=10(xa) chosen over id=11(xb) @3900000101 ns


Info: CAN-INFO: XlTlmCanBusAt (fabricServer.canTlmBus): Arbitration resolution required: id=10(xa) chosen over id=11(xb) @3910000101 ns


Info: CAN-INFO: XlTlmCanBusAt (fabricServer.canTlmBus): Arbitration resolution required: id=10(xa) chosen over id=11(xb) @3920000101 ns


Info: CAN-INFO: XlTlmCanBusAt (fabricServer.canTlmBus): Arbitration resolution required: id=10(xa) chosen over id=11(xb) @3930000101 ns


Info: CAN-INFO: XlTlmCanBusAt (fabricServer.canTlmBus): Arbitration resolution required: id=10(xa) chosen over id=11(xb) @3940000101 ns


Info: CAN-INFO: XlTlmCanBusAt (fabricServer.canTlmBus): Arbitration resolution required: id=10(xa) chosen over id=11(xb) @3950000101 ns


Info: CAN-INFO: XlTlmCanBusAt (fabricServer.canTlmBus): Arbitration resolution required: id=10(xa) chosen over id=11(xb) @3960000101 ns


Info: CAN-INFO: XlTlmCanBusAt (fabricServer.canTlmBus): Arbitration resolution required: id=10(xa) chosen over id=11(xb) @3970000101 ns


Info: CAN-INFO: XlTlmCanBusAt (fabricServer.canTlmBus): Arbitration resolution required: id=10(xa) chosen over id=11(xb) @3980000101 ns


Info: CAN-INFO: XlTlmCanBusAt (fabricServer.canTlmBus): Arbitration resolution required: id=10(xa) chosen over id=11(xb) @3990000101 ns


Info: CAN-INFO: XlTlmCanBusAt (fabricServer.canTlmBus): Arbitration resolution required: id=10(xa) chosen over id=11(xb) @4000000101 ns


Info: CAN-INFO: XlTlmCanBusAt (fabricServer.canTlmBus): Arbitration resolution required: id=10(xa) chosen over id=11(xb) @4010000101 ns


Info: CAN-INFO: XlTlmCanBusAt (fabricServer.canTlmBus): Arbitration resolution required: id=10(xa) chosen over id=11(xb) @4020000101 ns


Info: CAN-INFO: XlTlmCanBusAt (fabricServer.canTlmBus): Arbitration resolution required: id=10(xa) chosen over id=11(xb) @4030000101 ns


Info: CAN-INFO: XlTlmCanBusAt (fabricServer.canTlmBus): Arbitration resolution required: id=10(xa) chosen over id=11(xb) @4040000101 ns


Info: CAN-INFO: XlTlmCanBusAt (fabricServer.canTlmBus): Arbitration resolution required: id=10(xa) chosen over id=11(xb) @4050000101 ns


Info: CAN-INFO: XlTlmCanBusAt (fabricServer.canTlmBus): Arbitration resolution required: id=10(xa) chosen over id=11(xb) @4060000101 ns


Info: CAN-INFO: XlTlmCanBusAt (fabricServer.canTlmBus): Arbitration resolution required: id=10(xa) chosen over id=11(xb) @4070000101 ns


Info: CAN-INFO: XlTlmCanBusAt (fabricServer.canTlmBus): Arbitration resolution required: id=10(xa) chosen over id=11(xb) @4080000101 ns


Info: CAN-INFO: XlTlmCanBusAt (fabricServer.canTlmBus): Arbitration resolution required: id=10(xa) chosen over id=11(xb) @4090000101 ns


Info: CAN-INFO: XlTlmCanBusAt (fabricServer.canTlmBus): Arbitration resolution required: id=10(xa) chosen over id=11(xb) @4100000101 ns


Info: CAN-INFO: XlTlmCanBusAt (fabricServer.canTlmBus): Arbitration resolution required: id=10(xa) chosen over id=11(xb) @4110000101 ns


Info: CAN-INFO: XlTlmCanBusAt (fabricServer.canTlmBus): Arbitration resolution required: id=10(xa) chosen over id=11(xb) @4120000101 ns


Info: CAN-INFO: XlTlmCanBusAt (fabricServer.canTlmBus): Arbitration resolution required: id=10(xa) chosen over id=11(xb) @4130000101 ns


Info: CAN-INFO: XlTlmCanBusAt (fabricServer.canTlmBus): Arbitration resolution required: id=10(xa) chosen over id=11(xb) @4140000101 ns


Info: CAN-INFO: XlTlmCanBusAt (fabricServer.canTlmBus): Arbitration resolution required: id=10(xa) chosen over id=11(xb) @4150000101 ns


Info: CAN-INFO: XlTlmCanBusAt (fabricServer.canTlmBus): Arbitration resolution required: id=10(xa) chosen over id=11(xb) @4160000101 ns


Info: CAN-INFO: XlTlmCanBusAt (fabricServer.canTlmBus): Arbitration resolution required: id=10(xa) chosen over id=11(xb) @4170000101 ns


Info: CAN-INFO: XlTlmCanBusAt (fabricServer.canTlmBus): Arbitration resolution required: id=10(xa) chosen over id=11(xb) @4180000101 ns


Info: CAN-INFO: XlTlmCanBusAt (fabricServer.canTlmBus): Arbitration resolution required: id=10(xa) chosen over id=11(xb) @4190000101 ns


Info: CAN-INFO: XlTlmCanBusAt (fabricServer.canTlmBus): Arbitration resolution required: id=10(xa) chosen over id=11(xb) @4200000101 ns


Info: CAN-INFO: XlTlmCanBusAt (fabricServer.canTlmBus): Arbitration resolution required: id=10(xa) chosen over id=11(xb) @4210000101 ns


Info: CAN-INFO: XlTlmCanBusAt (fabricServer.canTlmBus): Arbitration resolution required: id=10(xa) chosen over id=11(xb) @4220000101 ns


Info: CAN-INFO: XlTlmCanBusAt (fabricServer.canTlmBus): Arbitration resolution required: id=10(xa) chosen over id=11(xb) @4230000101 ns


Info: CAN-INFO: XlTlmCanBusAt (fabricServer.canTlmBus): Arbitration resolution required: id=10(xa) chosen over id=11(xb) @4240000101 ns


Info: CAN-INFO: XlTlmCanBusAt (fabricServer.canTlmBus): Arbitration resolution required: id=10(xa) chosen over id=11(xb) @4250000101 ns


Info: CAN-INFO: XlTlmCanBusAt (fabricServer.canTlmBus): Arbitration resolution required: id=10(xa) chosen over id=11(xb) @4260000101 ns


Info: CAN-INFO: XlTlmCanBusAt (fabricServer.canTlmBus): Arbitration resolution required: id=10(xa) chosen over id=11(xb) @4270000101 ns


Info: CAN-INFO: XlTlmCanBusAt (fabricServer.canTlmBus): Arbitration resolution required: id=10(xa) chosen over id=11(xb) @4280000101 ns


Info: CAN-INFO: XlTlmCanBusAt (fabricServer.canTlmBus): Arbitration resolution required: id=10(xa) chosen over id=11(xb) @4290000101 ns


Info: CAN-INFO: XlTlmCanBusAt (fabricServer.canTlmBus): Arbitration resolution required: id=10(xa) chosen over id=11(xb) @4300000101 ns


Info: CAN-INFO: XlTlmCanBusAt (fabricServer.canTlmBus): Arbitration resolution required: id=10(xa) chosen over id=11(xb) @4310000101 ns


Info: CAN-INFO: XlTlmCanBusAt (fabricServer.canTlmBus): Arbitration resolution required: id=10(xa) chosen over id=11(xb) @4320000101 ns


Info: CAN-INFO: XlTlmCanBusAt (fabricServer.canTlmBus): Arbitration resolution required: id=10(xa) chosen over id=11(xb) @4330000101 ns


Info: CAN-INFO: XlTlmCanBusAt (fabricServer.canTlmBus): Arbitration resolution required: id=10(xa) chosen over id=11(xb) @4340000101 ns


Info: CAN-INFO: XlTlmCanBusAt (fabricServer.canTlmBus): Arbitration resolution required: id=10(xa) chosen over id=11(xb) @4350000101 ns


Info: CAN-INFO: XlTlmCanBusAt (fabricServer.canTlmBus): Arbitration resolution required: id=10(xa) chosen over id=11(xb) @4360000101 ns


Info: CAN-INFO: XlTlmCanBusAt (fabricServer.canTlmBus): Arbitration resolution required: id=10(xa) chosen over id=11(xb) @4370000101 ns


Info: CAN-INFO: XlTlmCanBusAt (fabricServer.canTlmBus): Arbitration resolution required: id=10(xa) chosen over id=11(xb) @4380000101 ns


Info: CAN-INFO: XlTlmCanBusAt (fabricServer.canTlmBus): Arbitration resolution required: id=10(xa) chosen over id=11(xb) @4390000101 ns


Info: CAN-INFO: XlTlmCanBusAt (fabricServer.canTlmBus): Arbitration resolution required: id=10(xa) chosen over id=11(xb) @4400000101 ns


Info: CAN-INFO: XlTlmCanBusAt (fabricServer.canTlmBus): Arbitration resolution required: id=10(xa) chosen over id=11(xb) @4410000101 ns


Info: CAN-INFO: XlTlmCanBusAt (fabricServer.canTlmBus): Arbitration resolution required: id=10(xa) chosen over id=11(xb) @4420000101 ns


Info: CAN-INFO: XlTlmCanBusAt (fabricServer.canTlmBus): Arbitration resolution required: id=10(xa) chosen over id=11(xb) @4430000101 ns


Info: CAN-INFO: XlTlmCanBusAt (fabricServer.canTlmBus): Arbitration resolution required: id=10(xa) chosen over id=11(xb) @4440000101 ns


Info: CAN-INFO: XlTlmCanBusAt (fabricServer.canTlmBus): Arbitration resolution required: id=10(xa) chosen over id=11(xb) @4450000101 ns


Info: CAN-INFO: XlTlmCanBusAt (fabricServer.canTlmBus): Arbitration resolution required: id=10(xa) chosen over id=11(xb) @4460000101 ns


Info: CAN-INFO: XlTlmCanBusAt (fabricServer.canTlmBus): Arbitration resolution required: id=10(xa) chosen over id=11(xb) @4470000101 ns


Info: CAN-INFO: XlTlmCanBusAt (fabricServer.canTlmBus): Arbitration resolution required: id=10(xa) chosen over id=11(xb) @4480000101 ns


Info: CAN-INFO: XlTlmCanBusAt (fabricServer.canTlmBus): Arbitration resolution required: id=10(xa) chosen over id=11(xb) @4490000101 ns


Info: CAN-INFO: XlTlmCanBusAt (fabricServer.canTlmBus): Arbitration resolution required: id=10(xa) chosen over id=11(xb) @4500000101 ns


Info: CAN-INFO: XlTlmCanBusAt (fabricServer.canTlmBus): Arbitration resolution required: id=10(xa) chosen over id=11(xb) @4510000101 ns


Info: CAN-INFO: XlTlmCanBusAt (fabricServer.canTlmBus): Arbitration resolution required: id=10(xa) chosen over id=11(xb) @4520000101 ns


Info: CAN-INFO: XlTlmCanBusAt (fabricServer.canTlmBus): Arbitration resolution required: id=10(xa) chosen over id=11(xb) @4530000101 ns


Info: CAN-INFO: XlTlmCanBusAt (fabricServer.canTlmBus): Arbitration resolution required: id=10(xa) chosen over id=11(xb) @4540000101 ns


Info: CAN-INFO: XlTlmCanBusAt (fabricServer.canTlmBus): Arbitration resolution required: id=10(xa) chosen over id=11(xb) @4550000101 ns


Info: CAN-INFO: XlTlmCanBusAt (fabricServer.canTlmBus): Arbitration resolution required: id=10(xa) chosen over id=11(xb) @4560000101 ns


Info: CAN-INFO: XlTlmCanBusAt (fabricServer.canTlmBus): Arbitration resolution required: id=10(xa) chosen over id=11(xb) @4570000101 ns


Info: CAN-INFO: XlTlmCanBusAt (fabricServer.canTlmBus): Arbitration resolution required: id=10(xa) chosen over id=11(xb) @4580000101 ns


Info: CAN-INFO: XlTlmCanBusAt (fabricServer.canTlmBus): Arbitration resolution required: id=10(xa) chosen over id=11(xb) @4590000101 ns


Info: CAN-INFO: XlTlmCanBusAt (fabricServer.canTlmBus): Arbitration resolution required: id=10(xa) chosen over id=11(xb) @4600000101 ns


Info: CAN-INFO: XlTlmCanBusAt (fabricServer.canTlmBus): Arbitration resolution required: id=10(xa) chosen over id=11(xb) @4610000101 ns


Info: CAN-INFO: XlTlmCanBusAt (fabricServer.canTlmBus): Arbitration resolution required: id=10(xa) chosen over id=11(xb) @4620000101 ns


Info: CAN-INFO: XlTlmCanBusAt (fabricServer.canTlmBus): Arbitration resolution required: id=10(xa) chosen over id=11(xb) @4630000101 ns


Info: CAN-INFO: XlTlmCanBusAt (fabricServer.canTlmBus): Arbitration resolution required: id=10(xa) chosen over id=11(xb) @4640000101 ns


Info: CAN-INFO: XlTlmCanBusAt (fabricServer.canTlmBus): Arbitration resolution required: id=10(xa) chosen over id=11(xb) @4650000101 ns


Info: CAN-INFO: XlTlmCanBusAt (fabricServer.canTlmBus): Arbitration resolution required: id=10(xa) chosen over id=11(xb) @4660000101 ns


Info: CAN-INFO: XlTlmCanBusAt (fabricServer.canTlmBus): Arbitration resolution required: id=10(xa) chosen over id=11(xb) @4670000101 ns


Info: CAN-INFO: XlTlmCanBusAt (fabricServer.canTlmBus): Arbitration resolution required: id=10(xa) chosen over id=11(xb) @4680000101 ns


Info: CAN-INFO: XlTlmCanBusAt (fabricServer.canTlmBus): Arbitration resolution required: id=10(xa) chosen over id=11(xb) @4690000101 ns


Info: CAN-INFO: XlTlmCanBusAt (fabricServer.canTlmBus): Arbitration resolution required: id=10(xa) chosen over id=11(xb) @4700000101 ns


Info: CAN-INFO: XlTlmCanBusAt (fabricServer.canTlmBus): Arbitration resolution required: id=10(xa) chosen over id=11(xb) @4710000101 ns


Info: CAN-INFO: XlTlmCanBusAt (fabricServer.canTlmBus): Arbitration resolution required: id=10(xa) chosen over id=11(xb) @4720000101 ns


Info: CAN-INFO: XlTlmCanBusAt (fabricServer.canTlmBus): Arbitration resolution required: id=10(xa) chosen over id=11(xb) @4730000101 ns


Info: CAN-INFO: XlTlmCanBusAt (fabricServer.canTlmBus): Arbitration resolution required: id=10(xa) chosen over id=11(xb) @4740000101 ns


Info: CAN-INFO: XlTlmCanBusAt (fabricServer.canTlmBus): Arbitration resolution required: id=10(xa) chosen over id=11(xb) @4750000101 ns


Info: CAN-INFO: XlTlmCanBusAt (fabricServer.canTlmBus): Arbitration resolution required: id=10(xa) chosen over id=11(xb) @4760000101 ns


Info: CAN-INFO: XlTlmCanBusAt (fabricServer.canTlmBus): Arbitration resolution required: id=10(xa) chosen over id=11(xb) @4770000101 ns

make[1]: *** [Makefile.server:77: sim] Killed
make[1]: Leaving directory '/data/tools/pave/innexis_home/vsi_2025.2/examples/vsiTutorials/invPendDemo/src/timeSyncDemo'
